<?xml version="1.0" encoding="UTF-8"?>
<coverage generated="1681720450726" clover="3.2.0">
  <project timestamp="1681720450726" name="All files">
    <metrics statements="78" coveredstatements="60" conditionals="14" coveredconditionals="10" methods="15" coveredmethods="9" elements="107" coveredelements="79" complexity="0" loc="78" ncloc="78" packages="2" files="2" classes="2"/>
    <package name="components">
      <metrics statements="77" coveredstatements="59" conditionals="14" coveredconditionals="10" methods="15" coveredmethods="9"/>
      <file name="Calendar.vue" path="/Users/yoshitakashoji/workspace/vue/vueCalendar/src/components/Calendar.vue">
        <metrics statements="77" coveredstatements="59" conditionals="14" coveredconditionals="10" methods="15" coveredmethods="9"/>
        <line num="3" count="1" type="stmt"/>
        <line num="6" count="1" type="stmt"/>
        <line num="7" count="1" type="stmt"/>
        <line num="8" count="1" type="stmt"/>
        <line num="9" count="1" type="stmt"/>
        <line num="12" count="7" type="stmt"/>
        <line num="13" count="7" type="stmt"/>
        <line num="14" count="7" type="stmt"/>
        <line num="15" count="7" type="stmt"/>
        <line num="16" count="7" type="stmt"/>
        <line num="24" count="7" type="stmt"/>
        <line num="25" count="7" type="stmt"/>
        <line num="26" count="7" type="stmt"/>
        <line num="27" count="7" type="stmt"/>
        <line num="28" count="7" type="stmt"/>
        <line num="29" count="7" type="stmt"/>
        <line num="30" count="42" type="stmt"/>
        <line num="31" count="42" type="stmt"/>
        <line num="32" count="294" type="cond" truecount="4" falsecount="0"/>
        <line num="33" count="42" type="stmt"/>
        <line num="34" count="252" type="cond" truecount="2" falsecount="0"/>
        <line num="35" count="42" type="stmt"/>
        <line num="37" count="210" type="stmt"/>
        <line num="38" count="210" type="stmt"/>
        <line num="41" count="42" type="stmt"/>
        <line num="43" count="7" type="stmt"/>
        <line num="48" count="7" type="stmt"/>
        <line num="49" count="0" type="stmt"/>
        <line num="50" count="0" type="stmt"/>
        <line num="51" count="0" type="stmt"/>
        <line num="56" count="7" type="stmt"/>
        <line num="57" count="0" type="stmt"/>
        <line num="58" count="0" type="stmt"/>
        <line num="63" count="7" type="stmt"/>
        <line num="64" count="0" type="stmt"/>
        <line num="65" count="0" type="cond" truecount="0" falsecount="2"/>
        <line num="66" count="0" type="stmt"/>
        <line num="67" count="0" type="stmt"/>
        <line num="69" count="0" type="stmt"/>
        <line num="74" count="7" type="stmt"/>
        <line num="75" count="0" type="stmt"/>
        <line num="76" count="0" type="cond" truecount="0" falsecount="2"/>
        <line num="77" count="0" type="stmt"/>
        <line num="78" count="0" type="stmt"/>
        <line num="80" count="0" type="stmt"/>
        <line num="85" count="7" type="stmt"/>
        <line num="86" count="0" type="stmt"/>
        <line num="87" count="0" type="stmt"/>
        <line num="94" count="7" type="stmt"/>
        <line num="95" count="1176" type="stmt"/>
        <line num="96" count="1176" type="cond" truecount="2" falsecount="0"/>
        <line num="97" count="14" type="stmt"/>
        <line num="99" count="1162" type="stmt"/>
        <line num="101" count="7" type="stmt"/>
        <line num="102" count="7" type="stmt"/>
        <line num="103" count="7" type="stmt"/>
        <line num="104" count="7" type="stmt"/>
        <line num="105" count="7" type="stmt"/>
        <line num="106" count="7" type="stmt"/>
        <line num="108" count="7" type="stmt"/>
        <line num="112" count="28" type="stmt"/>
        <line num="115" count="0" type="stmt"/>
        <line num="125" count="7" type="stmt"/>
        <line num="129" count="7" type="stmt"/>
        <line num="133" count="1" type="stmt"/>
        <line num="134" count="1" type="stmt"/>
        <line num="135" count="1" type="stmt"/>
        <line num="136" count="1" type="stmt"/>
        <line num="137" count="1" type="stmt"/>
        <line num="138" count="1" type="stmt"/>
        <line num="139" count="1" type="stmt"/>
        <line num="141" count="14" type="stmt"/>
        <line num="167" count="98" type="stmt"/>
        <line num="172" count="84" type="stmt"/>
        <line num="174" count="588" type="stmt"/>
        <line num="189" count="1" type="stmt"/>
        <line num="190" count="1" type="stmt"/>
      </file>
    </package>
    <package name="css">
      <metrics statements="1" coveredstatements="1" conditionals="0" coveredconditionals="0" methods="0" coveredmethods="0"/>
      <file name="Calendar.css" path="/Users/yoshitakashoji/workspace/vue/vueCalendar/src/css/Calendar.css">
        <metrics statements="1" coveredstatements="1" conditionals="0" coveredconditionals="0" methods="0" coveredmethods="0"/>
        <line num="1" count="1" type="stmt"/>
      </file>
    </package>
  </project>
</coverage>
