{"/Users/yoshitakashoji/workspace/vue/vueCalendar/src/components/Calendar.vue": {"path":"/Users/yoshitakashoji/workspace/vue/vueCalendar/src/components/Calendar.vue","statementMap":{"0":{"start":{"line":3,"column":0},"end":{"line":5,"column":3}},"1":{"start":{"line":6,"column":12},"end":{"line":6,"column":26}},"2":{"start":{"line":7,"column":0},"end":{"line":7,"column":31}},"3":{"start":{"line":8,"column":12},"end":{"line":8,"column":26}},"4":{"start":{"line":9,"column":0},"end":{"line":131,"column":3}},"5":{"start":{"line":12,"column":17},"end":{"line":12,"column":26}},"6":{"start":{"line":13,"column":4},"end":{"line":13,"column":13}},"7":{"start":{"line":14,"column":19},"end":{"line":14,"column":54}},"8":{"start":{"line":15,"column":22},"end":{"line":15,"column":32}},"9":{"start":{"line":16,"column":20},"end":{"line":20,"column":6}},"10":{"start":{"line":24,"column":27},"end":{"line":44,"column":6}},"11":{"start":{"line":25,"column":21},"end":{"line":25,"column":23}},"12":{"start":{"line":26,"column":25},"end":{"line":26,"column":94}},"13":{"start":{"line":27,"column":20},"end":{"line":27,"column":86}},"14":{"start":{"line":28,"column":22},"end":{"line":28,"column":23}},"15":{"start":{"line":29,"column":6},"end":{"line":42,"column":7}},"16":{"start":{"line":30,"column":23},"end":{"line":30,"column":25}},"17":{"start":{"line":31,"column":8},"end":{"line":40,"column":9}},"18":{"start":{"line":31,"column":21},"end":{"line":31,"column":22}},"19":{"start":{"line":32,"column":10},"end":{"line":39,"column":11}},"20":{"start":{"line":33,"column":12},"end":{"line":33,"column":29}},"21":{"start":{"line":34,"column":17},"end":{"line":39,"column":11}},"22":{"start":{"line":35,"column":12},"end":{"line":35,"column":29}},"23":{"start":{"line":37,"column":12},"end":{"line":37,"column":47}},"24":{"start":{"line":38,"column":12},"end":{"line":38,"column":24}},"25":{"start":{"line":41,"column":8},"end":{"line":41,"column":32}},"26":{"start":{"line":43,"column":6},"end":{"line":43,"column":22}},"27":{"start":{"line":48,"column":27},"end":{"line":52,"column":5}},"28":{"start":{"line":49,"column":6},"end":{"line":49,"column":55}},"29":{"start":{"line":50,"column":6},"end":{"line":50,"column":57}},"30":{"start":{"line":51,"column":6},"end":{"line":51,"column":23}},"31":{"start":{"line":56,"column":19},"end":{"line":59,"column":5}},"32":{"start":{"line":57,"column":6},"end":{"line":57,"column":29}},"33":{"start":{"line":58,"column":6},"end":{"line":58,"column":23}},"34":{"start":{"line":63,"column":20},"end":{"line":70,"column":5}},"35":{"start":{"line":64,"column":6},"end":{"line":64,"column":30}},"36":{"start":{"line":65,"column":6},"end":{"line":68,"column":7}},"37":{"start":{"line":66,"column":8},"end":{"line":66,"column":31}},"38":{"start":{"line":67,"column":8},"end":{"line":67,"column":35}},"39":{"start":{"line":69,"column":6},"end":{"line":69,"column":23}},"40":{"start":{"line":74,"column":20},"end":{"line":81,"column":5}},"41":{"start":{"line":75,"column":6},"end":{"line":75,"column":30}},"42":{"start":{"line":76,"column":6},"end":{"line":79,"column":7}},"43":{"start":{"line":77,"column":8},"end":{"line":77,"column":31}},"44":{"start":{"line":78,"column":8},"end":{"line":78,"column":34}},"45":{"start":{"line":80,"column":6},"end":{"line":80,"column":23}},"46":{"start":{"line":85,"column":19},"end":{"line":88,"column":5}},"47":{"start":{"line":86,"column":6},"end":{"line":86,"column":29}},"48":{"start":{"line":87,"column":6},"end":{"line":87,"column":23}},"49":{"start":{"line":94,"column":18},"end":{"line":100,"column":5}},"50":{"start":{"line":95,"column":17},"end":{"line":95,"column":79}},"51":{"start":{"line":96,"column":6},"end":{"line":98,"column":7}},"52":{"start":{"line":97,"column":8},"end":{"line":97,"column":20}},"53":{"start":{"line":99,"column":6},"end":{"line":99,"column":19}},"54":{"start":{"line":101,"column":4},"end":{"line":107,"column":7}},"55":{"start":{"line":102,"column":17},"end":{"line":102,"column":27}},"56":{"start":{"line":103,"column":6},"end":{"line":103,"column":48}},"57":{"start":{"line":104,"column":6},"end":{"line":104,"column":50}},"58":{"start":{"line":105,"column":22},"end":{"line":105,"column":36}},"59":{"start":{"line":106,"column":6},"end":{"line":106,"column":99}},"60":{"start":{"line":108,"column":23},"end":{"line":124,"column":5}},"61":{"start":{"line":112,"column":8},"end":{"line":112,"column":25}},"62":{"start":{"line":115,"column":8},"end":{"line":115,"column":22}},"63":{"start":{"line":125,"column":4},"end":{"line":128,"column":7}},"64":{"start":{"line":129,"column":4},"end":{"line":129,"column":24}},"65":{"start":{"line":133,"column":0},"end":{"line":133,"column":62}},"66":{"start":{"line":134,"column":0},"end":{"line":134,"column":24}},"67":{"start":{"line":135,"column":12},"end":{"line":135,"column":26}},"68":{"start":{"line":136,"column":17},"end":{"line":136,"column":33}},"69":{"start":{"line":137,"column":17},"end":{"line":137,"column":31}},"70":{"start":{"line":138,"column":17},"end":{"line":138,"column":27}},"71":{"start":{"line":139,"column":17},"end":{"line":139,"column":27}},"72":{"start":{"line":141,"column":4},"end":{"line":187,"column":8}},"73":{"start":{"line":167,"column":20},"end":{"line":167,"column":137}},"74":{"start":{"line":172,"column":20},"end":{"line":183,"column":24}},"75":{"start":{"line":174,"column":28},"end":{"line":181,"column":47}},"76":{"start":{"line":189,"column":0},"end":{"line":189,"column":24}},"77":{"start":{"line":190,"column":1},"end":{"line":190,"column":48}}},"fnMap":{"0":{"name":"(anonymous_0)","decl":{"start":{"line":11,"column":9},"end":{"line":11,"column":10}},"loc":{"start":{"line":11,"column":32},"end":{"line":130,"column":3}},"line":11},"1":{"name":"(anonymous_1)","decl":{"start":{"line":24,"column":47},"end":{"line":24,"column":48}},"loc":{"start":{"line":24,"column":59},"end":{"line":44,"column":5}},"line":24},"2":{"name":"(anonymous_2)","decl":{"start":{"line":48,"column":27},"end":{"line":48,"column":28}},"loc":{"start":{"line":48,"column":39},"end":{"line":52,"column":5}},"line":48},"3":{"name":"(anonymous_3)","decl":{"start":{"line":56,"column":19},"end":{"line":56,"column":20}},"loc":{"start":{"line":56,"column":31},"end":{"line":59,"column":5}},"line":56},"4":{"name":"(anonymous_4)","decl":{"start":{"line":63,"column":20},"end":{"line":63,"column":21}},"loc":{"start":{"line":63,"column":32},"end":{"line":70,"column":5}},"line":63},"5":{"name":"(anonymous_5)","decl":{"start":{"line":74,"column":20},"end":{"line":74,"column":21}},"loc":{"start":{"line":74,"column":32},"end":{"line":81,"column":5}},"line":74},"6":{"name":"(anonymous_6)","decl":{"start":{"line":85,"column":19},"end":{"line":85,"column":20}},"loc":{"start":{"line":85,"column":31},"end":{"line":88,"column":5}},"line":85},"7":{"name":"(anonymous_7)","decl":{"start":{"line":94,"column":18},"end":{"line":94,"column":19}},"loc":{"start":{"line":94,"column":33},"end":{"line":100,"column":5}},"line":94},"8":{"name":"(anonymous_8)","decl":{"start":{"line":101,"column":25},"end":{"line":101,"column":26}},"loc":{"start":{"line":101,"column":37},"end":{"line":107,"column":5}},"line":101},"9":{"name":"(anonymous_9)","decl":{"start":{"line":111,"column":6},"end":{"line":111,"column":7}},"loc":{"start":{"line":111,"column":22},"end":{"line":113,"column":7}},"line":111},"10":{"name":"(anonymous_10)","decl":{"start":{"line":114,"column":6},"end":{"line":114,"column":7}},"loc":{"start":{"line":114,"column":23},"end":{"line":116,"column":7}},"line":114},"11":{"name":"render","decl":{"start":{"line":140,"column":9},"end":{"line":140,"column":15}},"loc":{"start":{"line":140,"column":63},"end":{"line":188,"column":1}},"line":140},"12":{"name":"(anonymous_12)","decl":{"start":{"line":166,"column":132},"end":{"line":166,"column":133}},"loc":{"start":{"line":166,"column":165},"end":{"line":168,"column":17}},"line":166},"13":{"name":"(anonymous_13)","decl":{"start":{"line":171,"column":144},"end":{"line":171,"column":145}},"loc":{"start":{"line":171,"column":181},"end":{"line":184,"column":17}},"line":171},"14":{"name":"(anonymous_14)","decl":{"start":{"line":173,"column":138},"end":{"line":173,"column":139}},"loc":{"start":{"line":173,"column":181},"end":{"line":182,"column":25}},"line":173}},"branchMap":{"0":{"loc":{"start":{"line":32,"column":10},"end":{"line":39,"column":11}},"type":"if","locations":[{"start":{"line":32,"column":10},"end":{"line":39,"column":11}},{"start":{"line":34,"column":17},"end":{"line":39,"column":11}}],"line":32},"1":{"loc":{"start":{"line":32,"column":14},"end":{"line":32,"column":54}},"type":"binary-expr","locations":[{"start":{"line":32,"column":14},"end":{"line":32,"column":34}},{"start":{"line":32,"column":38},"end":{"line":32,"column":54}}],"line":32},"2":{"loc":{"start":{"line":34,"column":17},"end":{"line":39,"column":11}},"type":"if","locations":[{"start":{"line":34,"column":17},"end":{"line":39,"column":11}},{"start":{"line":36,"column":17},"end":{"line":39,"column":11}}],"line":34},"3":{"loc":{"start":{"line":65,"column":6},"end":{"line":68,"column":7}},"type":"if","locations":[{"start":{"line":65,"column":6},"end":{"line":68,"column":7}},{"start":{},"end":{}}],"line":65},"4":{"loc":{"start":{"line":76,"column":6},"end":{"line":79,"column":7}},"type":"if","locations":[{"start":{"line":76,"column":6},"end":{"line":79,"column":7}},{"start":{},"end":{}}],"line":76},"5":{"loc":{"start":{"line":96,"column":6},"end":{"line":98,"column":7}},"type":"if","locations":[{"start":{"line":96,"column":6},"end":{"line":98,"column":7}},{"start":{},"end":{}}],"line":96},"6":{"loc":{"start":{"line":178,"column":32},"end":{"line":180,"column":169}},"type":"cond-expr","locations":[{"start":{"line":179,"column":39},"end":{"line":179,"column":121}},{"start":{"line":180,"column":39},"end":{"line":180,"column":168}}],"line":178}},"s":{"0":1,"1":1,"2":1,"3":1,"4":1,"5":7,"6":7,"7":7,"8":7,"9":7,"10":7,"11":7,"12":7,"13":7,"14":7,"15":7,"16":42,"17":42,"18":42,"19":294,"20":42,"21":252,"22":42,"23":210,"24":210,"25":42,"26":7,"27":7,"28":0,"29":0,"30":0,"31":7,"32":0,"33":0,"34":7,"35":0,"36":0,"37":0,"38":0,"39":0,"40":7,"41":0,"42":0,"43":0,"44":0,"45":0,"46":7,"47":0,"48":0,"49":7,"50":1176,"51":1176,"52":14,"53":1162,"54":7,"55":7,"56":7,"57":7,"58":7,"59":7,"60":7,"61":28,"62":0,"63":7,"64":7,"65":1,"66":1,"67":1,"68":1,"69":1,"70":1,"71":1,"72":14,"73":98,"74":84,"75":588,"76":1,"77":1},"f":{"0":7,"1":7,"2":0,"3":0,"4":0,"5":0,"6":0,"7":1176,"8":7,"9":28,"10":0,"11":14,"12":98,"13":84,"14":588},"b":{"0":[42,252],"1":[294,49],"2":[42,210],"3":[0,0],"4":[0,0],"5":[14,1162],"6":[7,581]},"inputSourceMap":{"0":"{","1":"\"","2":"v","3":"e","4":"r","5":"s","6":"i","7":"o","8":"n","9":"\"","10":":","11":"3","12":",","13":"\"","14":"s","15":"o","16":"u","17":"r","18":"c","19":"e","20":"s","21":"\"","22":":","23":"[","24":"\"","25":"/","26":"U","27":"s","28":"e","29":"r","30":"s","31":"/","32":"y","33":"o","34":"s","35":"h","36":"i","37":"t","38":"a","39":"k","40":"a","41":"s","42":"h","43":"o","44":"j","45":"i","46":"/","47":"w","48":"o","49":"r","50":"k","51":"s","52":"p","53":"a","54":"c","55":"e","56":"/","57":"v","58":"u","59":"e","60":"/","61":"v","62":"u","63":"e","64":"C","65":"a","66":"l","67":"e","68":"n","69":"d","70":"a","71":"r","72":"/","73":"s","74":"r","75":"c","76":"/","77":"c","78":"o","79":"m","80":"p","81":"o","82":"n","83":"e","84":"n","85":"t","86":"s","87":"/","88":"C","89":"a","90":"l","91":"e","92":"n","93":"d","94":"a","95":"r","96":".","97":"v","98":"u","99":"e","100":"\"","101":"]","102":",","103":"\"","104":"n","105":"a","106":"m","107":"e","108":"s","109":"\"","110":":","111":"[","112":"]","113":",","114":"\"","115":"m","116":"a","117":"p","118":"p","119":"i","120":"n","121":"g","122":"s","123":"\"","124":":","125":"\"","126":";","127":";","128":"A","129":"A","130":"C","131":"A","132":",","133":"M","134":"A","135":"A","136":"M","137":",","138":"C","139":"A","140":"A","141":"C","142":",","143":"c","144":"A","145":"A","146":"c","147":",","148":"C","149":"A","150":"A","151":"C","152":",","153":"O","154":"A","155":"A","156":"O","157":",","158":"E","159":"A","160":"A","161":"E","162":",","163":"Y","164":"A","165":"A","166":"Y","167":",","168":"E","169":"A","170":"A","171":"E","172":";","173":"E","174":"A","175":"A","176":"E","177":",","178":"K","179":"A","180":"A","181":"K","182":",","183":"E","184":"A","185":"A","186":"E","187":";","188":"A","189":"A","190":"A","191":"K","192":",","193":"C","194":"A","195":"A","196":"C","197":",","198":"C","199":"A","200":"A","201":"C","202":";","203":"A","204":"A","205":"C","206":"7","207":"D","208":",","209":"I","210":"A","211":"A","212":"I","213":",","214":"K","215":"A","216":"A","217":"K","218":",","219":"G","220":"A","221":"A","222":"G","223":",","224":"O","225":"A","226":"A","227":"O","228":",","229":"C","230":"A","231":"A","232":"C","233":",","234":"K","235":"A","236":"A","237":"K","238":",","239":"C","240":"A","241":"A","242":"C","243":";","244":"A","245":"A","246":"C","247":"1","248":"B","249":",","250":"O","251":"A","252":"A","253":"O","254":",","255":"C","256":"A","257":"A","258":"C","259":",","260":"q","261":"B","262":"A","263":"A","264":"q","265":"B","266":",","267":"C","268":"A","269":"A","270":"C","271":";","272":"A","273":"A","274":"C","275":"9","276":"B","277":",","278":"I","279":"A","280":"A","281":"I","282":",","283":"K","284":"A","285":"A","286":"K","287":",","288":"G","289":"A","290":"A","291":"G","292":",","293":"O","294":"A","295":"A","296":"O","297":",","298":"C","299":"A","300":"A","301":"C","302":",","303":"K","304":"A","305":"A","306":"K","307":",","308":"C","309":"A","310":"A","311":"C","312":";","313":";","314":";","315":";","316":";","317":";","318":"I","319":"A","320":"J","321":"l","322":"B","323":",","324":"I","325":"A","326":"A","327":"I","328":",","329":"Q","330":"A","331":"A","332":"Q","333":",","334":"G","335":"A","336":"A","337":"G","338":",","339":"C","340":"A","341":"A","342":"C","343":",","344":"G","345":"A","346":"A","347":"G","348":",","349":"E","350":"A","351":"A","352":"E","353":",","354":"G","355":"A","356":"A","357":"G","358":",","359":"E","360":"A","361":"A","362":"E","363":",","364":"G","365":"A","366":"A","367":"G","368":",","369":"E","370":"A","371":"A","372":"E","373":",","374":"G","375":"A","376":"A","377":"G","378":",","379":"E","380":"A","381":"A","382":"E","383":",","384":"G","385":"A","386":"A","387":"G","388":",","389":"E","390":"A","391":"A","392":"E","393":",","394":"G","395":"A","396":"A","397":"G","398":",","399":"E","400":"A","401":"A","402":"E","403":",","404":"G","405":"A","406":"A","407":"G","408":",","409":"C","410":"A","411":"A","412":"C","413":";","414":"I","415":"A","416":"K","417":"l","418":"D","419":",","420":"I","421":"A","422":"A","423":"I","424":",","425":"W","426":"A","427":"A","428":"W","429":",","430":"G","431":"A","432":"A","433":"G","434":",","435":"I","436":"A","437":"A","438":"I","439":",","440":"I","441":"A","442":"A","443":"I","444":",","445":"E","446":"A","447":"A","448":"E","449":";","450":"I","451":"A","452":"C","453":"5","454":"B","455":",","456":"I","457":"A","458":"A","459":"I","460":",","461":"S","462":"A","463":"A","464":"S","465":",","466":"G","467":"A","468":"A","469":"G","470":",","471":"C","472":"A","473":"A","474":"C","475":",","476":"C","477":"A","478":"A","479":"C","480":",","481":"E","482":"A","483":"A","484":"E","485":",","486":"K","487":"A","488":"A","489":"K","490":",","491":"C","492":"A","493":"A","494":"C","495":",","496":"G","497":"A","498":"A","499":"G","500":",","501":"E","502":"A","503":"A","504":"E","505":";","506":"M","507":"A","508":"C","509":"3","510":"B","511":",","512":"I","513":"A","514":"A","515":"I","516":",","517":"E","518":"A","519":"A","520":"E","521":",","522":"W","523":"A","524":"A","525":"W","526":",","527":"C","528":"A","529":"A","530":"C","531":",","532":"W","533":"A","534":"A","535":"W","536":",","537":"E","538":"A","539":"A","540":"E","541":";","542":"M","543":"A","544":"C","545":"/","546":"B","547":",","548":"K","549":"A","550":"A","551":"K","552":",","553":"E","554":"A","555":"A","556":"E","557":",","558":"W","559":"A","560":"A","561":"W","562":",","563":"C","564":"A","565":"A","566":"C","567":",","568":"Q","569":"A","570":"A","571":"Q","572":",","573":"E","574":"A","575":"A","576":"E","577":",","578":"G","579":"A","580":"A","581":"G","582":",","583":"C","584":"A","585":"A","586":"C","587":";","588":"M","589":"A","590":"C","591":"j","592":"C","593":",","594":"K","595":"A","596":"A","597":"K","598":",","599":"E","600":"A","601":"A","602":"E","603":";","604":"I","605":"A","606":"C","607":"X","608":",","609":"C","610":"A","611":"A","612":"C","613":",","614":"C","615":"A","616":"A","617":"C","618":";","619":"I","620":"A","621":"C","622":"F","623":";","624":"A","625":"A","626":"C","627":"R","628":";","629":"A","630":"A","631":"C","632":"A","633":";","634":"I","635":"A","636":"C","637":"Q","638":",","639":"I","640":"A","641":"A","642":"I","643":",","644":"g","645":"B","646":"A","647":"A","648":"g","649":"B","650":",","651":"G","652":"A","653":"A","654":"G","655":",","656":"C","657":"A","658":"A","659":"C","660":",","661":"C","662":"A","663":"A","664":"C","665":",","666":"E","667":"A","668":"A","669":"E","670":",","671":"K","672":"A","673":"A","674":"K","675":",","676":"C","677":"A","678":"A","679":"C","680":",","681":"Q","682":"A","683":"A","684":"Q","685":",","686":"E","687":"A","688":"A","689":"E","690":",","691":"Y","692":"A","693":"A","694":"Y","695":";","696":"M","697":"A","698":"C","699":"n","700":"D","701":",","702":"I","703":"A","704":"A","705":"I","706":",","707":"Q","708":"A","709":"A","710":"Q","711":",","712":"G","713":"A","714":"A","715":"G","716":",","717":"E","718":"A","719":"A","720":"E","721":";","722":"M","723":"A","724":"C","725":"j","726":"B","727":",","728":"I","729":"A","730":"A","731":"I","732":",","733":"Y","734":"A","735":"A","736":"Y","737":",","738":"G","739":"A","740":"A","741":"G","742":",","743":"I","744":"A","745":"A","746":"I","747":",","748":"I","749":"A","750":"A","751":"I","752":",","753":"C","754":"A","755":"A","756":"C","757":",","758":"S","759":"A","760":"A","761":"S","762":",","763":"C","764":"A","765":"A","766":"C","767":",","768":"K","769":"A","770":"A","771":"K","772":",","773":"C","774":"A","775":"A","776":"C","777":",","778":"I","779":"A","780":"A","781":"I","782":",","783":"E","784":"A","785":"A","786":"E","787":",","788":"S","789":"A","790":"A","791":"S","792":",","793":"C","794":"A","795":"A","796":"C","797":",","798":"K","799":"A","800":"A","801":"K","802":",","803":"C","804":"A","805":"A","806":"C","807":",","808":"K","809":"A","810":"A","811":"K","812":",","813":"G","814":"A","815":"A","816":"G","817":",","818":"C","819":"A","820":"A","821":"C","822":",","823":"E","824":"A","825":"A","826":"E","827":",","828":"C","829":"A","830":"A","831":"C","832":",","833":"C","834":"A","835":"A","836":"C","837":",","838":"C","839":"A","840":"A","841":"C","842":",","843":"M","844":"A","845":"A","846":"M","847":",","848":"E","849":"A","850":"A","851":"E","852":";","853":"M","854":"A","855":"C","856":"x","857":"F","858":",","859":"I","860":"A","861":"A","862":"I","863":",","864":"O","865":"A","866":"A","867":"O","868":",","869":"G","870":"A","871":"A","872":"G","873":",","874":"I","875":"A","876":"A","877":"I","878":",","879":"I","880":"A","881":"A","882":"I","883":",","884":"C","885":"A","886":"A","887":"C","888":",","889":"S","890":"A","891":"A","892":"S","893":",","894":"C","895":"A","896":"A","897":"C","898":",","899":"K","900":"A","901":"A","902":"K","903":",","904":"C","905":"A","906":"A","907":"C","908":",","909":"I","910":"A","911":"A","912":"I","913":",","914":"E","915":"A","916":"A","917":"E","918":",","919":"S","920":"A","921":"A","922":"S","923":",","924":"C","925":"A","926":"A","927":"C","928":",","929":"K","930":"A","931":"A","932":"K","933":",","934":"C","935":"A","936":"A","937":"C","938":",","939":"K","940":"A","941":"A","942":"K","943":",","944":"E","945":"A","946":"A","947":"E","948":",","949":"C","950":"A","951":"A","952":"C","953":",","954":"C","955":"A","956":"A","957":"C","958":",","959":"C","960":"A","961":"A","962":"C","963":",","964":"O","965":"A","966":"A","967":"O","968":",","969":"E","970":"A","971":"A","972":"E","973":";","974":"M","975":"A","976":"C","977":"h","978":"F","979":",","980":"I","981":"A","982":"A","983":"I","984":",","985":"S","986":"A","987":"A","988":"S","989":",","990":"G","991":"A","992":"A","993":"G","994":",","995":"C","996":"A","997":"A","998":"C","999":";","1000":"M","1001":"A","1002":"C","1003":"j","1004":"B","1005":",","1006":"O","1007":"A","1008":"A","1009":"O","1010":",","1011":"S","1012":"A","1013":"A","1014":"S","1015":",","1016":"I","1017":"A","1018":"A","1019":"I","1020":",","1021":"O","1022":"A","1023":"A","1024":"O","1025":",","1026":"E","1027":"A","1028":"A","1029":"E","1030":";","1031":"Q","1032":"A","1033":"C","1034":"z","1035":"B","1036":",","1037":"I","1038":"A","1039":"A","1040":"I","1041":",","1042":"Q","1043":"A","1044":"A","1045":"Q","1046":",","1047":"G","1048":"A","1049":"A","1050":"G","1051":",","1052":"E","1053":"A","1054":"A","1055":"E","1056":";","1057":"Q","1058":"A","1059":"C","1060":"j","1061":"B","1062":",","1063":"K","1064":"A","1065":"A","1066":"K","1067":",","1068":"I","1069":"A","1070":"A","1071":"I","1072":",","1073":"C","1074":"A","1075":"A","1076":"C","1077":",","1078":"G","1079":"A","1080":"A","1081":"G","1082":",","1083":"C","1084":"A","1085":"A","1086":"C","1087":",","1088":"E","1089":"A","1090":"A","1091":"E","1092":",","1093":"C","1094":"A","1095":"A","1096":"C","1097":",","1098":"I","1099":"A","1100":"A","1101":"I","1102":",","1103":"C","1104":"A","1105":"A","1106":"C","1107":",","1108":"E","1109":"A","1110":"A","1111":"E","1112":",","1113":"C","1114":"A","1115":"A","1116":"C","1117":",","1118":"E","1119":"A","1120":"A","1121":"E","1122":",","1123":"E","1124":"A","1125":"A","1126":"E","1127":";","1128":"U","1129":"A","1130":"C","1131":"z","1132":"B","1133":",","1134":"I","1135":"A","1136":"A","1137":"I","1138":",","1139":"Q","1140":"A","1141":"A","1142":"Q","1143":",","1144":"C","1145":"A","1146":"A","1147":"C","1148":",","1149":"M","1150":"A","1151":"A","1152":"M","1153":",","1154":"I","1155":"A","1156":"A","1157":"I","1158":",","1159":"C","1160":"A","1161":"A","1162":"C","1163":",","1164":"I","1165":"A","1166":"A","1167":"I","1168":",","1169":"C","1170":"A","1171":"A","1172":"C","1173":",","1174":"G","1175":"A","1176":"A","1177":"G","1178":",","1179":"Y","1180":"A","1181":"A","1182":"Y","1183":",","1184":"E","1185":"A","1186":"A","1187":"E","1188":";","1189":"Y","1190":"A","1191":"C","1192":"1","1193":"C","1194":",","1195":"Q","1196":"A","1197":"A","1198":"Q","1199":",","1200":"C","1201":"A","1202":"A","1203":"C","1204":",","1205":"C","1206":"A","1207":"A","1208":"C","1209":",","1210":"C","1211":"A","1212":"A","1213":"C","1214":",","1215":"G","1216":"A","1217":"A","1218":"G","1219":",","1220":"E","1221":"A","1222":"A","1223":"E","1224":";","1225":"U","1226":"A","1227":"C","1228":"p","1229":"B","1230":",","1231":"C","1232":"A","1233":"A","1234":"C","1235":",","1236":"M","1237":"A","1238":"C","1239":"I","1240":",","1241":"I","1242":"A","1243":"A","1244":"I","1245":",","1246":"O","1247":"A","1248":"A","1249":"O","1250":",","1251":"G","1252":"A","1253":"A","1254":"G","1255":",","1256":"S","1257":"A","1258":"A","1259":"S","1260":",","1261":"E","1262":"A","1263":"A","1264":"E","1265":";","1266":"Y","1267":"A","1268":"C","1269":"1","1270":"B","1271":",","1272":"Q","1273":"A","1274":"A","1275":"Q","1276":",","1277":"C","1278":"A","1279":"A","1280":"C","1281":",","1282":"C","1283":"A","1284":"A","1285":"C","1286":",","1287":"C","1288":"A","1289":"A","1290":"C","1291":",","1292":"G","1293":"A","1294":"A","1295":"G","1296":",","1297":"E","1298":"A","1299":"A","1300":"E","1301":";","1302":"U","1303":"A","1304":"C","1305":"p","1306":"B","1307":",","1308":"C","1309":"A","1310":"A","1311":"C","1312":",","1313":"M","1314":"A","1315":"C","1316":"I","1317":";","1318":"Y","1319":"A","1320":"C","1321":"D","1322":",","1323":"Q","1324":"A","1325":"A","1326":"Q","1327":",","1328":"C","1329":"A","1330":"A","1331":"C","1332":",","1333":"C","1334":"A","1335":"A","1336":"C","1337":",","1338":"C","1339":"A","1340":"A","1341":"C","1342":",","1343":"G","1344":"A","1345":"A","1346":"G","1347":",","1348":"S","1349":"A","1350":"A","1351":"S","1352":",","1353":"C","1354":"A","1355":"A","1356":"C","1357":",","1358":"Q","1359":"A","1360":"A","1361":"Q","1362":",","1363":"E","1364":"A","1365":"A","1366":"E","1367":";","1368":"Y","1369":"A","1370":"C","1371":"l","1372":"C","1373":",","1374":"S","1375":"A","1376":"A","1377":"S","1378":",","1379":"E","1380":"A","1381":"A","1382":"E","1383":";","1384":"U","1385":"A","1386":"C","1387":"f","1388":";","1389":"Q","1390":"A","1391":"C","1392":"J","1393":";","1394":"Q","1395":"A","1396":"C","1397":"A","1398":",","1399":"Q","1400":"A","1401":"A","1402":"Q","1403":",","1404":"C","1405":"A","1406":"A","1407":"C","1408":",","1409":"I","1410":"A","1411":"A","1412":"I","1413":",","1414":"C","1415":"A","1416":"A","1417":"C","1418":",","1419":"Q","1420":"A","1421":"A","1422":"Q","1423":",","1424":"C","1425":"A","1426":"A","1427":"C","1428":";","1429":"M","1430":"A","1431":"C","1432":"3","1433":"B","1434":";","1435":"M","1436":"A","1437":"C","1438":"A","1439":",","1440":"O","1441":"A","1442":"A","1443":"O","1444":",","1445":"Q","1446":"A","1447":"A","1448":"Q","1449":";","1450":"I","1451":"A","1452":"C","1453":"n","1454":"B","1455":",","1456":"C","1457":"A","1458":"A","1459":"C","1460":",","1461":"C","1462":"A","1463":"A","1464":"C","1465":";","1466":"I","1467":"A","1468":"C","1469":"F","1470":";","1471":"A","1472":"A","1473":"C","1474":"R","1475":";","1476":"A","1477":"A","1478":"C","1479":"A","1480":";","1481":"I","1482":"A","1483":"C","1484":"Q","1485":",","1486":"I","1487":"A","1488":"A","1489":"I","1490":",","1491":"g","1492":"B","1493":"A","1494":"A","1495":"g","1496":"B","1497":",","1498":"G","1499":"A","1500":"A","1501":"G","1502":",","1503":"Y","1504":"A","1505":"A","1506":"Y","1507":";","1508":"M","1509":"A","1510":"C","1511":"/","1512":"B","1513":",","1514":"S","1515":"A","1516":"A","1517":"S","1518":",","1519":"C","1520":"A","1521":"A","1522":"C","1523":",","1524":"K","1525":"A","1526":"A","1527":"K","1528":",","1529":"C","1530":"A","1531":"A","1532":"C","1533":",","1534":"I","1535":"A","1536":"A","1537":"I","1538":",","1539":"G","1540":"A","1541":"A","1542":"G","1543":",","1544":"W","1545":"A","1546":"A","1547":"W","1548":",","1549":"C","1550":"A","1551":"A","1552":"C","1553":",","1554":"W","1555":"A","1556":"A","1557":"W","1558":",","1559":"E","1560":"A","1561":"A","1562":"E","1563":";","1564":"M","1565":"A","1566":"C","1567":"h","1568":"D","1569":",","1570":"S","1571":"A","1572":"A","1573":"S","1574":",","1575":"C","1576":"A","1577":"A","1578":"C","1579":",","1580":"K","1581":"A","1582":"A","1583":"K","1584":",","1585":"C","1586":"A","1587":"A","1588":"C","1589":",","1590":"K","1591":"A","1592":"A","1593":"K","1594":",","1595":"G","1596":"A","1597":"A","1598":"G","1599":",","1600":"W","1601":"A","1602":"A","1603":"W","1604":",","1605":"C","1606":"A","1607":"A","1608":"C","1609":",","1610":"Q","1611":"A","1612":"A","1613":"Q","1614":",","1615":"E","1616":"A","1617":"A","1618":"E","1619":",","1620":"G","1621":"A","1622":"A","1623":"G","1624":",","1625":"C","1626":"A","1627":"A","1628":"C","1629":";","1630":"M","1631":"A","1632":"C","1633":"l","1634":"D","1635":",","1636":"O","1637":"A","1638":"A","1639":"O","1640":",","1641":"S","1642":"A","1643":"A","1644":"S","1645":";","1646":"I","1647":"A","1648":"C","1649":"p","1650":"B","1651":",","1652":"C","1653":"A","1654":"A","1655":"C","1656":";","1657":"I","1658":"A","1659":"C","1660":"D","1661":";","1662":"A","1663":"A","1664":"C","1665":"R","1666":";","1667":"A","1668":"A","1669":"C","1670":"A","1671":";","1672":"I","1673":"A","1674":"C","1675":"Q","1676":",","1677":"I","1678":"A","1679":"A","1680":"I","1681":",","1682":"Q","1683":"A","1684":"A","1685":"Q","1686":",","1687":"G","1688":"A","1689":"A","1690":"G","1691":",","1692":"Y","1693":"A","1694":"A","1695":"Y","1696":";","1697":"M","1698":"A","1699":"C","1700":"v","1701":"B","1702":",","1703":"S","1704":"A","1705":"A","1706":"S","1707":",","1708":"C","1709":"A","1710":"A","1711":"C","1712":",","1713":"K","1714":"A","1715":"A","1716":"K","1717":",","1718":"C","1719":"A","1720":"A","1721":"C","1722":",","1723":"I","1724":"A","1725":"A","1726":"I","1727":",","1728":"E","1729":"A","1730":"A","1731":"E","1732":";","1733":"M","1734":"A","1735":"C","1736":"t","1737":"B","1738":",","1739":"O","1740":"A","1741":"A","1742":"O","1743":",","1744":"S","1745":"A","1746":"A","1747":"S","1748":";","1749":"I","1750":"A","1751":"C","1752":"p","1753":"B","1754":",","1755":"C","1756":"A","1757":"A","1758":"C","1759":";","1760":"I","1761":"A","1762":"C","1763":"D","1764":";","1765":"A","1766":"A","1767":"C","1768":"R","1769":";","1770":"A","1771":"A","1772":"C","1773":"A","1774":";","1775":"I","1776":"A","1777":"C","1778":"Q","1779":",","1780":"I","1781":"A","1782":"A","1783":"I","1784":",","1785":"S","1786":"A","1787":"A","1788":"S","1789":",","1790":"G","1791":"A","1792":"A","1793":"G","1794":",","1795":"Y","1796":"A","1797":"A","1798":"Y","1799":";","1800":"M","1801":"A","1802":"C","1803":"x","1804":"B","1805":",","1806":"S","1807":"A","1808":"A","1809":"S","1810":",","1811":"C","1812":"A","1813":"A","1814":"C","1815":",","1816":"K","1817":"A","1818":"A","1819":"K","1820":",","1821":"C","1822":"A","1823":"A","1824":"C","1825":",","1826":"K","1827":"A","1828":"A","1829":"K","1830":",","1831":"E","1832":"A","1833":"A","1834":"E","1835":";","1836":"M","1837":"A","1838":"C","1839":"v","1840":"B","1841":",","1842":"I","1843":"A","1844":"A","1845":"I","1846":",","1847":"S","1848":"A","1849":"A","1850":"S","1851":",","1852":"C","1853":"A","1854":"A","1855":"C","1856":",","1857":"K","1858":"A","1859":"A","1860":"K","1861":",","1862":"C","1863":"A","1864":"A","1865":"C","1866":",","1867":"K","1868":"A","1869":"A","1870":"K","1871":",","1872":"G","1873":"A","1874":"A","1875":"G","1876":",","1877":"C","1878":"A","1879":"A","1880":"C","1881":",","1882":"E","1883":"A","1884":"A","1885":"E","1886":";","1887":"Q","1888":"A","1889":"C","1890":"3","1891":"B","1892":",","1893":"S","1894":"A","1895":"A","1896":"S","1897":",","1898":"C","1899":"A","1900":"A","1901":"C","1902":",","1903":"K","1904":"A","1905":"A","1906":"K","1907":",","1908":"C","1909":"A","1910":"A","1911":"C","1912":",","1913":"I","1914":"A","1915":"A","1916":"I","1917":",","1918":"E","1919":"A","1920":"A","1921":"E","1922":";","1923":"Q","1924":"A","1925":"C","1926":"t","1927":"B","1928":",","1929":"S","1930":"A","1931":"A","1932":"S","1933":",","1934":"C","1935":"A","1936":"A","1937":"C","1938":",","1939":"K","1940":"A","1941":"A","1942":"K","1943":",","1944":"C","1945":"A","1946":"A","1947":"C","1948":",","1949":"K","1950":"A","1951":"A","1952":"K","1953":",","1954":"G","1955":"A","1956":"A","1957":"G","1958":",","1959":"E","1960":"A","1961":"A","1962":"E","1963":";","1964":"M","1965":"A","1966":"C","1967":"9","1968":"B","1969":";","1970":"M","1971":"A","1972":"C","1973":"A","1974":",","1975":"O","1976":"A","1977":"A","1978":"O","1979":",","1980":"S","1981":"A","1982":"A","1983":"S","1984":";","1985":"I","1986":"A","1987":"C","1988":"p","1989":"B","1990":",","1991":"C","1992":"A","1993":"A","1994":"C","1995":";","1996":"I","1997":"A","1998":"C","1999":"D","2000":";","2001":"A","2002":"A","2003":"C","2004":"R","2005":";","2006":"A","2007":"A","2008":"C","2009":"A","2010":";","2011":"I","2012":"A","2013":"C","2014":"Q","2015":",","2016":"I","2017":"A","2018":"A","2019":"I","2020":",","2021":"S","2022":"A","2023":"A","2024":"S","2025":",","2026":"G","2027":"A","2028":"A","2029":"G","2030":",","2031":"Y","2032":"A","2033":"A","2034":"Y","2035":";","2036":"M","2037":"A","2038":"C","2039":"x","2040":"B","2041":",","2042":"S","2043":"A","2044":"A","2045":"S","2046":",","2047":"C","2048":"A","2049":"A","2050":"C","2051":",","2052":"K","2053":"A","2054":"A","2055":"K","2056":",","2057":"C","2058":"A","2059":"A","2060":"C","2061":",","2062":"K","2063":"A","2064":"A","2065":"K","2066":",","2067":"E","2068":"A","2069":"A","2070":"E","2071":";","2072":"M","2073":"A","2074":"C","2075":"v","2076":"B","2077":",","2078":"I","2079":"A","2080":"A","2081":"I","2082":",","2083":"S","2084":"A","2085":"A","2086":"S","2087":",","2088":"C","2089":"A","2090":"A","2091":"C","2092":",","2093":"K","2094":"A","2095":"A","2096":"K","2097":",","2098":"C","2099":"A","2100":"A","2101":"C","2102":",","2103":"K","2104":"A","2105":"A","2106":"K","2107":",","2108":"G","2109":"A","2110":"A","2111":"G","2112":",","2113":"E","2114":"A","2115":"A","2116":"E","2117":",","2118":"E","2119":"A","2120":"A","2121":"E","2122":";","2123":"Q","2124":"A","2125":"C","2126":"5","2127":"B","2128":",","2129":"S","2130":"A","2131":"A","2132":"S","2133":",","2134":"C","2135":"A","2136":"A","2137":"C","2138":",","2139":"K","2140":"A","2141":"A","2142":"K","2143":",","2144":"C","2145":"A","2146":"A","2147":"C","2148":",","2149":"I","2150":"A","2151":"A","2152":"I","2153":",","2154":"E","2155":"A","2156":"A","2157":"E","2158":";","2159":"Q","2160":"A","2161":"C","2162":"t","2163":"B","2164":",","2165":"S","2166":"A","2167":"A","2168":"S","2169":",","2170":"C","2171":"A","2172":"A","2173":"C","2174":",","2175":"K","2176":"A","2177":"A","2178":"K","2179":",","2180":"C","2181":"A","2182":"A","2183":"C","2184":",","2185":"K","2186":"A","2187":"A","2188":"K","2189":",","2190":"G","2191":"A","2192":"A","2193":"G","2194":",","2195":"C","2196":"A","2197":"A","2198":"C","2199":";","2200":"M","2201":"A","2202":"C","2203":"7","2204":"B","2205":";","2206":"M","2207":"A","2208":"C","2209":"A","2210":",","2211":"O","2212":"A","2213":"A","2214":"O","2215":",","2216":"S","2217":"A","2218":"A","2219":"S","2220":";","2221":"I","2222":"A","2223":"C","2224":"p","2225":"B","2226":",","2227":"C","2228":"A","2229":"A","2230":"C","2231":";","2232":"I","2233":"A","2234":"C","2235":"D","2236":";","2237":"A","2238":"A","2239":"C","2240":"R","2241":";","2242":"A","2243":"A","2244":"C","2245":"A","2246":";","2247":"I","2248":"A","2249":"C","2250":"Q","2251":",","2252":"I","2253":"A","2254":"A","2255":"I","2256":",","2257":"Q","2258":"A","2259":"A","2260":"Q","2261":",","2262":"G","2263":"A","2264":"A","2265":"G","2266":",","2267":"Y","2268":"A","2269":"A","2270":"Y","2271":";","2272":"M","2273":"A","2274":"C","2275":"v","2276":"B","2277":",","2278":"S","2279":"A","2280":"A","2281":"S","2282":",","2283":"C","2284":"A","2285":"A","2286":"C","2287":",","2288":"K","2289":"A","2290":"A","2291":"K","2292":",","2293":"C","2294":"A","2295":"A","2296":"C","2297":",","2298":"I","2299":"A","2300":"A","2301":"I","2302":",","2303":"E","2304":"A","2305":"A","2306":"E","2307":";","2308":"M","2309":"A","2310":"C","2311":"t","2312":"B","2313":",","2314":"O","2315":"A","2316":"A","2317":"O","2318":",","2319":"S","2320":"A","2321":"A","2322":"S","2323":";","2324":"I","2325":"A","2326":"C","2327":"p","2328":"B","2329":",","2330":"C","2331":"A","2332":"A","2333":"C","2334":";","2335":"I","2336":"A","2337":"C","2338":"D","2339":";","2340":"A","2341":"A","2342":"C","2343":"R","2344":";","2345":"A","2346":"A","2347":"C","2348":"A","2349":";","2350":"A","2351":"A","2352":"C","2353":"A","2354":";","2355":"A","2356":"A","2357":"C","2358":"A","2359":";","2360":"I","2361":"A","2362":"C","2363":"Q","2364":",","2365":"I","2366":"A","2367":"A","2368":"I","2369":",","2370":"O","2371":"A","2372":"A","2373":"O","2374":",","2375":"G","2376":"A","2377":"A","2378":"G","2379":",","2380":"U","2381":"A","2382":"A","2383":"U","2384":",","2385":"G","2386":"A","2387":"A","2388":"G","2389":",","2390":"E","2391":"A","2392":"A","2393":"E","2394":";","2395":"M","2396":"A","2397":"C","2398":"z","2399":"B","2400":",","2401":"I","2402":"A","2403":"A","2404":"I","2405":",","2406":"I","2407":"A","2408":"A","2409":"I","2410":",","2411":"G","2412":"A","2413":"A","2414":"G","2415":",","2416":"S","2417":"A","2418":"A","2419":"S","2420":",","2421":"C","2422":"A","2423":"A","2424":"C","2425":",","2426":"K","2427":"A","2428":"A","2429":"K","2430":",","2431":"C","2432":"A","2433":"A","2434":"C","2435":",","2436":"I","2437":"A","2438":"A","2439":"I","2440":",","2441":"G","2442":"A","2443":"A","2444":"G","2445":",","2446":"G","2447":"A","2448":"A","2449":"G","2450":",","2451":"G","2452":"A","2453":"A","2454":"G","2455":",","2456":"S","2457":"A","2458":"A","2459":"S","2460":",","2461":"C","2462":"A","2463":"A","2464":"C","2465":",","2466":"K","2467":"A","2468":"A","2469":"K","2470":",","2471":"C","2472":"A","2473":"A","2474":"C","2475":",","2476":"K","2477":"A","2478":"A","2479":"K","2480":",","2481":"G","2482":"A","2483":"A","2484":"G","2485":",","2486":"G","2487":"A","2488":"A","2489":"G","2490":",","2491":"G","2492":"A","2493":"A","2494":"G","2495":",","2496":"G","2497":"A","2498":"A","2499":"G","2500":";","2501":"M","2502":"A","2503":"C","2504":"z","2505":"E","2506":",","2507":"I","2508":"A","2509":"A","2510":"I","2511":",","2512":"S","2513":"A","2514":"A","2515":"S","2516":",","2517":"C","2518":"A","2519":"A","2520":"C","2521":",","2522":"K","2523":"A","2524":"A","2525":"K","2526":",","2527":"C","2528":"A","2529":"A","2530":"C","2531":",","2532":"K","2533":"A","2534":"A","2535":"K","2536":",","2537":"I","2538":"A","2539":"A","2540":"I","2541":",","2542":"I","2543":"A","2544":"A","2545":"I","2546":",","2547":"E","2548":"A","2549":"A","2550":"E","2551":";","2552":"Q","2553":"A","2554":"C","2555":"/","2556":"B","2557":",","2558":"O","2559":"A","2560":"A","2561":"O","2562":",","2563":"I","2564":"A","2565":"A","2566":"I","2567":";","2568":"M","2569":"A","2570":"C","2571":"f","2572":";","2573":"M","2574":"A","2575":"C","2576":"A","2577":",","2578":"O","2579":"A","2580":"A","2581":"O","2582":",","2583":"K","2584":"A","2585":"A","2586":"K","2587":";","2588":"I","2589":"A","2590":"C","2591":"h","2592":"B","2593":",","2594":"C","2595":"A","2596":"A","2597":"C","2598":";","2599":"I","2600":"A","2601":"C","2602":"D","2603":",","2604":"C","2605":"A","2606":"A","2607":"C","2608":",","2609":"C","2610":"A","2611":"A","2612":"C","2613":",","2614":"E","2615":"A","2616":"A","2617":"E","2618":",","2619":"K","2620":"A","2621":"A","2622":"K","2623":",","2624":"C","2625":"A","2626":"A","2627":"C","2628":",","2629":"S","2630":"A","2631":"A","2632":"S","2633":",","2634":"E","2635":"A","2636":"A","2637":"E","2638":",","2639":"Y","2640":"A","2641":"A","2642":"Y","2643":";","2644":"M","2645":"A","2646":"C","2647":"7","2648":"B","2649":",","2650":"I","2651":"A","2652":"A","2653":"I","2654":",","2655":"I","2656":"A","2657":"A","2658":"I","2659":",","2660":"G","2661":"A","2662":"A","2663":"G","2664":",","2665":"I","2666":"A","2667":"A","2668":"I","2669":",","2670":"I","2671":"A","2672":"A","2673":"I","2674":",","2675":"E","2676":"A","2677":"A","2678":"E","2679":";","2680":"M","2681":"A","2682":"C","2683":"r","2684":"B","2685":",","2686":"S","2687":"A","2688":"A","2689":"S","2690":",","2691":"C","2692":"A","2693":"A","2694":"C","2695":",","2696":"K","2697":"A","2698":"A","2699":"K","2700":",","2701":"C","2702":"A","2703":"A","2704":"C","2705":",","2706":"I","2707":"A","2708":"A","2709":"I","2710":",","2711":"G","2712":"A","2713":"A","2714":"G","2715":",","2716":"I","2717":"A","2718":"A","2719":"I","2720":",","2721":"C","2722":"A","2723":"A","2724":"C","2725":",","2726":"W","2727":"A","2728":"A","2729":"W","2730":",","2731":"E","2732":"A","2733":"A","2734":"E","2735":";","2736":"M","2737":"A","2738":"C","2739":"z","2740":"C","2741":",","2742":"S","2743":"A","2744":"A","2745":"S","2746":",","2747":"C","2748":"A","2749":"A","2750":"C","2751":",","2752":"K","2753":"A","2754":"A","2755":"K","2756":",","2757":"C","2758":"A","2759":"A","2760":"C","2761":",","2762":"K","2763":"A","2764":"A","2765":"K","2766":",","2767":"G","2768":"A","2769":"A","2770":"G","2771":",","2772":"I","2773":"A","2774":"A","2775":"I","2776":",","2777":"C","2778":"A","2779":"A","2780":"C","2781":",","2782":"Q","2783":"A","2784":"A","2785":"Q","2786":",","2787":"E","2788":"A","2789":"A","2790":"E","2791":",","2792":"G","2793":"A","2794":"A","2795":"G","2796":",","2797":"C","2798":"A","2799":"A","2800":"C","2801":";","2802":"M","2803":"A","2804":"C","2805":"3","2806":"C","2807":",","2808":"I","2809":"A","2810":"A","2811":"I","2812":",","2813":"S","2814":"A","2815":"A","2816":"S","2817":",","2818":"G","2819":"A","2820":"A","2821":"G","2822":",","2823":"I","2824":"A","2825":"A","2826":"I","2827":",","2828":"C","2829":"A","2830":"A","2831":"C","2832":",","2833":"O","2834":"A","2835":"A","2836":"O","2837":",","2838":"E","2839":"A","2840":"A","2841":"E","2842":";","2843":"M","2844":"A","2845":"C","2846":"9","2847":"B","2848":",","2849":"S","2850":"A","2851":"A","2852":"S","2853":",","2854":"C","2855":"A","2856":"A","2857":"C","2858":",","2859":"K","2860":"A","2861":"A","2862":"K","2863":",","2864":"C","2865":"A","2866":"A","2867":"C","2868":",","2869":"K","2870":"A","2871":"A","2872":"K","2873":",","2874":"G","2875":"A","2876":"C","2877":"j","2878":"B","2879":",","2880":"S","2881":"A","2882":"A","2883":"S","2884":",","2885":"C","2886":"A","2887":"A","2888":"C","2889":",","2890":"K","2891":"A","2892":"A","2893":"K","2894":",","2895":"C","2896":"A","2897":"A","2898":"C","2899":",","2900":"I","2901":"A","2902":"A","2903":"I","2904":",","2905":"G","2906":"A","2907":"A","2908":"G","2909":",","2910":"G","2911":"A","2912":"A","2913":"G","2914":",","2915":"G","2916":"A","2917":"A","2918":"G","2919":",","2920":"S","2921":"A","2922":"A","2923":"S","2924":",","2925":"C","2926":"A","2927":"A","2928":"C","2929":",","2930":"K","2931":"A","2932":"A","2933":"K","2934":",","2935":"C","2936":"A","2937":"A","2938":"C","2939":",","2940":"K","2941":"A","2942":"A","2943":"K","2944":",","2945":"G","2946":"A","2947":"A","2948":"G","2949":",","2950":"G","2951":"A","2952":"A","2953":"G","2954":",","2955":"G","2956":"A","2957":"A","2958":"G","2959":",","2960":"S","2961":"A","2962":"A","2963":"S","2964":";","2965":"I","2966":"A","2967":"C","2968":"5","2969":"E","2970":",","2971":"C","2972":"A","2973":"A","2974":"C","2975":",","2976":"C","2977":"A","2978":"A","2979":"C","2980":";","2981":"I","2982":"A","2983":"C","2984":"F","2985":",","2986":"I","2987":"A","2988":"A","2989":"I","2990":",","2991":"Y","2992":"A","2993":"A","2994":"Y","2995":",","2996":"G","2997":"A","2998":"A","2999":"G","3000":";","3001":"M","3002":"A","3003":"A","3004":"E","3005":",","3006":"Q","3007":"A","3008":"A","3009":"Q","3010":",","3011":"E","3012":"A","3013":"A","3014":"E","3015":",","3016":"Q","3017":"A","3018":"A","3019":"Q","3020":";","3021":"M","3022":"A","3023":"A","3024":"E","3025":",","3026":"W","3027":"A","3028":"A","3029":"W","3030":",","3031":"E","3032":"A","3033":"A","3034":"E","3035":",","3036":"W","3037":"A","3038":"A","3039":"W","3040":";","3041":"M","3042":"A","3043":"A","3044":"E","3045":",","3046":"I","3047":"A","3048":"A","3049":"I","3050":",","3051":"S","3052":"A","3053":"A","3054":"S","3055":",","3056":"G","3057":"A","3058":"A","3059":"G","3060":";","3061":"Q","3062":"A","3063":"A","3064":"E","3065":",","3066":"O","3067":"A","3068":"A","3069":"O","3070":",","3071":"S","3072":"A","3073":"A","3074":"S","3075":";","3076":"M","3077":"A","3078":"A","3079":"E","3080":",","3081":"C","3082":"A","3083":"A","3084":"C","3085":";","3086":"M","3087":"A","3088":"A","3089":"E","3090":",","3091":"I","3092":"A","3093":"A","3094":"I","3095":",","3096":"S","3097":"A","3098":"A","3099":"S","3100":",","3101":"C","3102":"A","3103":"A","3104":"C","3105":",","3106":"C","3107":"A","3108":"A","3109":"C","3110":",","3111":"E","3112":"A","3113":"A","3114":"E","3115":";","3116":"Q","3117":"A","3118":"A","3119":"E","3120":",","3121":"S","3122":"A","3123":"A","3124":"S","3125":",","3126":"G","3127":"A","3128":"A","3129":"G","3130":",","3131":"C","3132":"A","3133":"A","3134":"C","3135":";","3136":"M","3137":"A","3138":"A","3139":"E","3140":",","3141":"C","3142":"A","3143":"A","3144":"C","3145":";","3146":"M","3147":"A","3148":"A","3149":"E","3150":",","3151":"g","3152":"B","3153":"A","3154":"A","3155":"g","3156":"B","3157":",","3158":"E","3159":"A","3160":"A","3161":"E","3162":",","3163":"g","3164":"B","3165":"A","3166":"A","3167":"g","3168":"B","3169":";","3170":"M","3171":"A","3172":"A","3173":"E","3174":",","3175":"g","3176":"B","3177":"A","3178":"A","3179":"g","3180":"B","3181":",","3182":"E","3183":"A","3184":"A","3185":"E","3186":",","3187":"g","3188":"B","3189":"A","3190":"A","3191":"g","3192":"B","3193":";","3194":"M","3195":"A","3196":"A","3197":"E","3198":",","3199":"Q","3200":"A","3201":"A","3202":"Q","3203":",","3204":"E","3205":"A","3206":"A","3207":"E","3208":",","3209":"Q","3210":"A","3211":"A","3212":"Q","3213":";","3214":"M","3215":"A","3216":"A","3217":"E","3218":",","3219":"S","3220":"A","3221":"A","3222":"S","3223":",","3224":"E","3225":"A","3226":"A","3227":"E","3228":",","3229":"S","3230":"A","3231":"A","3232":"S","3233":";","3234":"M","3235":"A","3236":"A","3237":"E","3238":",","3239":"S","3240":"A","3241":"A","3242":"S","3243":",","3244":"E","3245":"A","3246":"A","3247":"E","3248":",","3249":"S","3250":"A","3251":"A","3252":"S","3253":";","3254":"M","3255":"A","3256":"A","3257":"E","3258":",","3259":"Q","3260":"A","3261":"A","3262":"Q","3263":",","3264":"E","3265":"A","3266":"A","3267":"E","3268":",","3269":"Q","3270":"A","3271":"A","3272":"Q","3273":";","3274":"M","3275":"A","3276":"A","3277":"E","3278":",","3279":"O","3280":"A","3281":"A","3282":"O","3283":",","3284":"E","3285":"A","3286":"A","3287":"E","3288":";","3289":"I","3290":"A","3291":"A","3292":"Q","3293":",","3294":"C","3295":"A","3296":"A","3297":"C","3298":";","3299":"I","3300":"A","3301":"C","3302":"7","3303":"T","3304":",","3305":"M","3306":"A","3307":"A","3308":"M","3309":",","3310":"C","3311":"A","3312":"A","3313":"C","3314":",","3315":"c","3316":"A","3317":"A","3318":"c","3319":",","3320":"C","3321":"A","3322":"A","3323":"C","3324":",","3325":"Y","3326":"A","3327":"A","3328":"Y","3329":",","3330":"E","3331":"A","3332":"A","3333":"E","3334":",","3335":"i","3336":"B","3337":"A","3338":"A","3339":"i","3340":"B","3341":",","3342":"E","3343":"A","3344":"A","3345":"E","3346":";","3347":"M","3348":"A","3349":"A","3350":"E","3351":",","3352":"U","3353":"A","3354":"A","3355":"U","3356":",","3357":"E","3358":"A","3359":"A","3360":"E","3361":",","3362":"K","3363":"A","3364":"A","3365":"K","3366":";","3367":"M","3368":"A","3369":"A","3370":"E","3371":",","3372":"K","3373":"A","3374":"A","3375":"K","3376":",","3377":"E","3378":"A","3379":"A","3380":"E","3381":";","3382":"I","3383":"A","3384":"A","3385":"K","3386":",","3387":"C","3388":"A","3389":"A","3390":"C","3391":",","3392":"C","3393":"A","3394":"A","3395":"C","3396":";","3397":"I","3398":"A","3399":"C","3400":"1","3401":"F","3402":",","3403":"O","3404":"A","3405":"A","3406":"O","3407":",","3408":"Y","3409":"A","3410":"A","3411":"Y","3412":";","3413":"E","3414":"A","3415":"C","3416":"v","3417":"B","3418":";","3419":"A","3420":"A","3421":"C","3422":"J","3423":",","3424":"C","3425":"A","3426":"A","3427":"C","3428":",","3429":"C","3430":"A","3431":"A","3432":"C","3433":"\"","3434":",","3435":"\"","3436":"f","3437":"i","3438":"l","3439":"e","3440":"\"","3441":":","3442":"\"","3443":"/","3444":"U","3445":"s","3446":"e","3447":"r","3448":"s","3449":"/","3450":"y","3451":"o","3452":"s","3453":"h","3454":"i","3455":"t","3456":"a","3457":"k","3458":"a","3459":"s","3460":"h","3461":"o","3462":"j","3463":"i","3464":"/","3465":"w","3466":"o","3467":"r","3468":"k","3469":"s","3470":"p","3471":"a","3472":"c","3473":"e","3474":"/","3475":"v","3476":"u","3477":"e","3478":"/","3479":"v","3480":"u","3481":"e","3482":"C","3483":"a","3484":"l","3485":"e","3486":"n","3487":"d","3488":"a","3489":"r","3490":"/","3491":"s","3492":"r","3493":"c","3494":"/","3495":"c","3496":"o","3497":"m","3498":"p","3499":"o","3500":"n","3501":"e","3502":"n","3503":"t","3504":"s","3505":"/","3506":"C","3507":"a","3508":"l","3509":"e","3510":"n","3511":"d","3512":"a","3513":"r","3514":".","3515":"v","3516":"u","3517":"e","3518":"\"","3519":",","3520":"\"","3521":"s","3522":"o","3523":"u","3524":"r","3525":"c","3526":"e","3527":"s","3528":"C","3529":"o","3530":"n","3531":"t","3532":"e","3533":"n","3534":"t","3535":"\"","3536":":","3537":"[","3538":"\"","3539":"<","3540":"s","3541":"c","3542":"r","3543":"i","3544":"p","3545":"t","3546":" ","3547":"s","3548":"e","3549":"t","3550":"u","3551":"p","3552":" ","3553":"l","3554":"a","3555":"n","3556":"g","3557":"=","3558":"\\","3559":"\"","3560":"t","3561":"s","3562":"\\","3563":"\"","3564":">","3565":"\\","3566":"n","3567":"i","3568":"m","3569":"p","3570":"o","3571":"r","3572":"t","3573":" ","3574":"\\","3575":"\"","3576":".","3577":".","3578":"/","3579":"c","3580":"s","3581":"s","3582":"/","3583":"C","3584":"a","3585":"l","3586":"e","3587":"n","3588":"d","3589":"a","3590":"r","3591":".","3592":"c","3593":"s","3594":"s","3595":"\\","3596":"\"","3597":";","3598":"\\","3599":"n","3600":"i","3601":"m","3602":"p","3603":"o","3604":"r","3605":"t","3606":" ","3607":"{","3608":" ","3609":"r","3610":"e","3611":"f","3612":",","3613":" ","3614":"c","3615":"o","3616":"m","3617":"p","3618":"u","3619":"t","3620":"e","3621":"d","3622":",","3623":" ","3624":"o","3625":"n","3626":"M","3627":"o","3628":"u","3629":"n","3630":"t","3631":"e","3632":"d","3633":" ","3634":"}","3635":" ","3636":"f","3637":"r","3638":"o","3639":"m","3640":" ","3641":"\\","3642":"\"","3643":"v","3644":"u","3645":"e","3646":"\\","3647":"\"","3648":";","3649":"\\","3650":"n","3651":"i","3652":"m","3653":"p","3654":"o","3655":"r","3656":"t","3657":" ","3658":"{","3659":" ","3660":"Y","3661":"e","3662":"a","3663":"r","3664":"M","3665":"o","3666":"n","3667":"t","3668":"h","3669":" ","3670":"}","3671":" ","3672":"f","3673":"r","3674":"o","3675":"m","3676":" ","3677":"\\","3678":"\"","3679":".","3680":".","3681":"/","3682":".","3683":".","3684":"/","3685":"s","3686":"r","3687":"c","3688":"/","3689":"i","3690":"n","3691":"t","3692":"e","3693":"r","3694":"f","3695":"a","3696":"c","3697":"e","3698":"s","3699":"/","3700":"Y","3701":"e","3702":"a","3703":"r","3704":"M","3705":"o","3706":"n","3707":"t","3708":"h","3709":"\\","3710":"\"","3711":";","3712":"\\","3713":"n","3714":"\\","3715":"n","3716":"c","3717":"o","3718":"n","3719":"s","3720":"t","3721":" ","3722":"w","3723":"e","3724":"e","3725":"k","3726":"D","3727":"a","3728":"y","3729":"s","3730":" ","3731":"=","3732":" ","3733":"[","3734":"\\","3735":"\"","3736":"日","3737":"\\","3738":"\"","3739":",","3740":" ","3741":"\\","3742":"\"","3743":"月","3744":"\\","3745":"\"","3746":",","3747":" ","3748":"\\","3749":"\"","3750":"火","3751":"\\","3752":"\"","3753":",","3754":" ","3755":"\\","3756":"\"","3757":"水","3758":"\\","3759":"\"","3760":",","3761":" ","3762":"\\","3763":"\"","3764":"木","3765":"\\","3766":"\"","3767":",","3768":" ","3769":"\\","3770":"\"","3771":"金","3772":"\\","3773":"\"","3774":",","3775":" ","3776":"\\","3777":"\"","3778":"土","3779":"\\","3780":"\"","3781":"]","3782":";","3783":"\\","3784":"n","3785":"c","3786":"o","3787":"n","3788":"s","3789":"t","3790":" ","3791":"c","3792":"u","3793":"r","3794":"r","3795":"e","3796":"n","3797":"t","3798":"D","3799":"a","3800":"t","3801":"e","3802":" ","3803":"=","3804":" ","3805":"n","3806":"e","3807":"w","3808":" ","3809":"D","3810":"a","3811":"t","3812":"e","3813":"(","3814":")","3815":";","3816":"\\","3817":"n","3818":"l","3819":"e","3820":"t","3821":" ","3822":"y","3823":"e","3824":"a","3825":"r","3826":"M","3827":"o","3828":"n","3829":"t","3830":"h","3831":" ","3832":"=","3833":" ","3834":"r","3835":"e","3836":"f","3837":"<","3838":"Y","3839":"e","3840":"a","3841":"r","3842":"M","3843":"o","3844":"n","3845":"t","3846":"h","3847":">","3848":"(","3849":"{","3850":"\\","3851":"n","3852":" ","3853":" ","3854":"y","3855":"e","3856":"a","3857":"r","3858":":","3859":" ","3860":"c","3861":"u","3862":"r","3863":"r","3864":"e","3865":"n","3866":"t","3867":"D","3868":"a","3869":"t","3870":"e","3871":".","3872":"g","3873":"e","3874":"t","3875":"F","3876":"u","3877":"l","3878":"l","3879":"Y","3880":"e","3881":"a","3882":"r","3883":"(","3884":")","3885":",","3886":"\\","3887":"n","3888":" ","3889":" ","3890":"m","3891":"o","3892":"n","3893":"t","3894":"h","3895":":","3896":" ","3897":"c","3898":"u","3899":"r","3900":"r","3901":"e","3902":"n","3903":"t","3904":"D","3905":"a","3906":"t","3907":"e","3908":".","3909":"g","3910":"e","3911":"t","3912":"M","3913":"o","3914":"n","3915":"t","3916":"h","3917":"(","3918":")","3919":" ","3920":"+","3921":" ","3922":"1","3923":",","3924":"\\","3925":"n","3926":" ","3927":" ","3928":"t","3929":"o","3930":"d","3931":"a","3932":"y","3933":":","3934":" ","3935":"\\","3936":"\"","3937":"\\","3938":"\"","3939":",","3940":"\\","3941":"n","3942":"}","3943":")","3944":";","3945":"\\","3946":"n","3947":"\\","3948":"n","3949":"/","3950":"*","3951":"*","3952":"\\","3953":"n","3954":" ","3955":"*","3956":" ","3957":"カ","3958":"レ","3959":"ン","3960":"ダ","3961":"ー","3962":"本","3963":"体","3964":"\\","3965":"n","3966":" ","3967":"*","3968":"/","3969":"\\","3970":"n","3971":"c","3972":"o","3973":"n","3974":"s","3975":"t","3976":" ","3977":"c","3978":"o","3979":"m","3980":"p","3981":"u","3982":"t","3983":"e","3984":"d","3985":"C","3986":"a","3987":"l","3988":"e","3989":"n","3990":"d","3991":"a","3992":"r","3993":" ","3994":"=","3995":" ","3996":"c","3997":"o","3998":"m","3999":"p","4000":"u","4001":"t","4002":"e","4003":"d","4004":"(","4005":"(","4006":")","4007":" ","4008":"=","4009":">","4010":" ","4011":"{","4012":"\\","4013":"n","4014":" ","4015":" ","4016":"l","4017":"e","4018":"t","4019":" ","4020":"c","4021":"a","4022":"l","4023":"e","4024":"n","4025":"d","4026":"a","4027":"r","4028":":","4029":" ","4030":"A","4031":"r","4032":"r","4033":"a","4034":"y","4035":"<","4036":"A","4037":"r","4038":"r","4039":"a","4040":"y","4041":"<","4042":"s","4043":"t","4044":"r","4045":"i","4046":"n","4047":"g","4048":">","4049":">","4050":" ","4051":"=","4052":" ","4053":"[","4054":"]","4055":";","4056":"\\","4057":"n","4058":" ","4059":" ","4060":"l","4061":"e","4062":"t","4063":" ","4064":"f","4065":"i","4066":"r","4067":"s","4068":"t","4069":"W","4070":"e","4071":"e","4072":"k","4073":"D","4074":"a","4075":"y","4076":" ","4077":"=","4078":" ","4079":"n","4080":"e","4081":"w","4082":" ","4083":"D","4084":"a","4085":"t","4086":"e","4087":"(","4088":"\\","4089":"n","4090":" ","4091":" ","4092":" ","4093":" ","4094":"y","4095":"e","4096":"a","4097":"r","4098":"M","4099":"o","4100":"n","4101":"t","4102":"h","4103":".","4104":"v","4105":"a","4106":"l","4107":"u","4108":"e","4109":".","4110":"y","4111":"e","4112":"a","4113":"r","4114":",","4115":"\\","4116":"n","4117":" ","4118":" ","4119":" ","4120":" ","4121":"y","4122":"e","4123":"a","4124":"r","4125":"M","4126":"o","4127":"n","4128":"t","4129":"h","4130":".","4131":"v","4132":"a","4133":"l","4134":"u","4135":"e","4136":".","4137":"m","4138":"o","4139":"n","4140":"t","4141":"h","4142":" ","4143":"-","4144":" ","4145":"1","4146":",","4147":"\\","4148":"n","4149":" ","4150":" ","4151":" ","4152":" ","4153":"1","4154":"\\","4155":"n","4156":" ","4157":" ","4158":")","4159":".","4160":"g","4161":"e","4162":"t","4163":"D","4164":"a","4165":"y","4166":"(","4167":")","4168":";","4169":"\\","4170":"n","4171":" ","4172":" ","4173":"l","4174":"e","4175":"t","4176":" ","4177":"l","4178":"a","4179":"s","4180":"t","4181":"D","4182":"a","4183":"y","4184":" ","4185":"=","4186":" ","4187":"n","4188":"e","4189":"w","4190":" ","4191":"D","4192":"a","4193":"t","4194":"e","4195":"(","4196":"\\","4197":"n","4198":" ","4199":" ","4200":" ","4201":" ","4202":"y","4203":"e","4204":"a","4205":"r","4206":"M","4207":"o","4208":"n","4209":"t","4210":"h","4211":".","4212":"v","4213":"a","4214":"l","4215":"u","4216":"e","4217":".","4218":"y","4219":"e","4220":"a","4221":"r","4222":",","4223":"\\","4224":"n","4225":" ","4226":" ","4227":" ","4228":" ","4229":"y","4230":"e","4231":"a","4232":"r","4233":"M","4234":"o","4235":"n","4236":"t","4237":"h","4238":".","4239":"v","4240":"a","4241":"l","4242":"u","4243":"e","4244":".","4245":"m","4246":"o","4247":"n","4248":"t","4249":"h","4250":",","4251":"\\","4252":"n","4253":" ","4254":" ","4255":" ","4256":" ","4257":"0","4258":"\\","4259":"n","4260":" ","4261":" ","4262":")","4263":".","4264":"g","4265":"e","4266":"t","4267":"D","4268":"a","4269":"t","4270":"e","4271":"(","4272":")","4273":";","4274":"\\","4275":"n","4276":" ","4277":" ","4278":"l","4279":"e","4280":"t","4281":" ","4282":"d","4283":"a","4284":"y","4285":"N","4286":"u","4287":"m","4288":"b","4289":"e","4290":"r","4291":" ","4292":"=","4293":" ","4294":"1","4295":";","4296":"\\","4297":"n","4298":"\\","4299":"n","4300":" ","4301":" ","4302":"w","4303":"h","4304":"i","4305":"l","4306":"e","4307":" ","4308":"(","4309":"d","4310":"a","4311":"y","4312":"N","4313":"u","4314":"m","4315":"b","4316":"e","4317":"r","4318":" ","4319":"<","4320":"=","4321":" ","4322":"l","4323":"a","4324":"s","4325":"t","4326":"D","4327":"a","4328":"y","4329":")","4330":" ","4331":"{","4332":"\\","4333":"n","4334":" ","4335":" ","4336":" ","4337":" ","4338":"l","4339":"e","4340":"t","4341":" ","4342":"w","4343":"e","4344":"e","4345":"k","4346":"D","4347":"a","4348":"t","4349":"a","4350":":","4351":" ","4352":"A","4353":"r","4354":"r","4355":"a","4356":"y","4357":"<","4358":"s","4359":"t","4360":"r","4361":"i","4362":"n","4363":"g","4364":">","4365":" ","4366":"=","4367":" ","4368":"[","4369":"]","4370":";","4371":"\\","4372":"n","4373":" ","4374":" ","4375":" ","4376":" ","4377":"f","4378":"o","4379":"r","4380":" ","4381":"(","4382":"l","4383":"e","4384":"t","4385":" ","4386":"i","4387":" ","4388":"=","4389":" ","4390":"0","4391":";","4392":" ","4393":"i","4394":" ","4395":"<","4396":"=","4397":" ","4398":"6","4399":";","4400":" ","4401":"i","4402":"+","4403":"+","4404":")","4405":" ","4406":"{","4407":"\\","4408":"n","4409":" ","4410":" ","4411":" ","4412":" ","4413":" ","4414":" ","4415":"i","4416":"f","4417":" ","4418":"(","4419":"c","4420":"a","4421":"l","4422":"e","4423":"n","4424":"d","4425":"a","4426":"r","4427":".","4428":"l","4429":"e","4430":"n","4431":"g","4432":"t","4433":"h","4434":" ","4435":"=","4436":"=","4437":" ","4438":"0","4439":" ","4440":"&","4441":"&","4442":" ","4443":"i","4444":" ","4445":"<","4446":" ","4447":"f","4448":"i","4449":"r","4450":"s","4451":"t","4452":"W","4453":"e","4454":"e","4455":"k","4456":"D","4457":"a","4458":"y","4459":")","4460":" ","4461":"{","4462":"\\","4463":"n","4464":" ","4465":" ","4466":" ","4467":" ","4468":" ","4469":" ","4470":" ","4471":" ","4472":"w","4473":"e","4474":"e","4475":"k","4476":"D","4477":"a","4478":"t","4479":"a","4480":"[","4481":"i","4482":"]","4483":" ","4484":"=","4485":" ","4486":"\\","4487":"\"","4488":"\\","4489":"\"","4490":";","4491":"\\","4492":"n","4493":" ","4494":" ","4495":" ","4496":" ","4497":" ","4498":" ","4499":"}","4500":" ","4501":"e","4502":"l","4503":"s","4504":"e","4505":" ","4506":"i","4507":"f","4508":" ","4509":"(","4510":"l","4511":"a","4512":"s","4513":"t","4514":"D","4515":"a","4516":"y","4517":" ","4518":"<","4519":" ","4520":"d","4521":"a","4522":"y","4523":"N","4524":"u","4525":"m","4526":"b","4527":"e","4528":"r","4529":")","4530":" ","4531":"{","4532":"\\","4533":"n","4534":" ","4535":" ","4536":" ","4537":" ","4538":" ","4539":" ","4540":" ","4541":" ","4542":"w","4543":"e","4544":"e","4545":"k","4546":"D","4547":"a","4548":"t","4549":"a","4550":"[","4551":"i","4552":"]","4553":" ","4554":"=","4555":" ","4556":"\\","4557":"\"","4558":"\\","4559":"\"","4560":";","4561":"\\","4562":"n","4563":" ","4564":" ","4565":" ","4566":" ","4567":" ","4568":" ","4569":"}","4570":" ","4571":"e","4572":"l","4573":"s","4574":"e","4575":" ","4576":"{","4577":"\\","4578":"n","4579":" ","4580":" ","4581":" ","4582":" ","4583":" ","4584":" ","4585":" ","4586":" ","4587":"w","4588":"e","4589":"e","4590":"k","4591":"D","4592":"a","4593":"t","4594":"a","4595":"[","4596":"i","4597":"]","4598":" ","4599":"=","4600":" ","4601":"d","4602":"a","4603":"y","4604":"N","4605":"u","4606":"m","4607":"b","4608":"e","4609":"r","4610":".","4611":"t","4612":"o","4613":"S","4614":"t","4615":"r","4616":"i","4617":"n","4618":"g","4619":"(","4620":")","4621":";","4622":"\\","4623":"n","4624":" ","4625":" ","4626":" ","4627":" ","4628":" ","4629":" ","4630":" ","4631":" ","4632":"d","4633":"a","4634":"y","4635":"N","4636":"u","4637":"m","4638":"b","4639":"e","4640":"r","4641":"+","4642":"+","4643":";","4644":"\\","4645":"n","4646":" ","4647":" ","4648":" ","4649":" ","4650":" ","4651":" ","4652":"}","4653":"\\","4654":"n","4655":" ","4656":" ","4657":" ","4658":" ","4659":"}","4660":"\\","4661":"n","4662":" ","4663":" ","4664":" ","4665":" ","4666":"c","4667":"a","4668":"l","4669":"e","4670":"n","4671":"d","4672":"a","4673":"r","4674":".","4675":"p","4676":"u","4677":"s","4678":"h","4679":"(","4680":"w","4681":"e","4682":"e","4683":"k","4684":"D","4685":"a","4686":"t","4687":"a","4688":")","4689":";","4690":"\\","4691":"n","4692":" ","4693":" ","4694":"}","4695":"\\","4696":"n","4697":" ","4698":" ","4699":"r","4700":"e","4701":"t","4702":"u","4703":"r","4704":"n","4705":" ","4706":"c","4707":"a","4708":"l","4709":"e","4710":"n","4711":"d","4712":"a","4713":"r","4714":";","4715":"\\","4716":"n","4717":"}","4718":")","4719":";","4720":"\\","4721":"n","4722":"\\","4723":"n","4724":"/","4725":"*","4726":"*","4727":"\\","4728":"n","4729":" ","4730":"*","4731":" ","4732":"現","4733":"在","4734":"年","4735":"月","4736":"\\","4737":"n","4738":" ","4739":"*","4740":"/","4741":"\\","4742":"n","4743":"c","4744":"o","4745":"n","4746":"s","4747":"t","4748":" ","4749":"c","4750":"u","4751":"r","4752":"r","4753":"e","4754":"n","4755":"t","4756":"Y","4757":"e","4758":"a","4759":"r","4760":"M","4761":"o","4762":"n","4763":"t","4764":"h","4765":" ","4766":"=","4767":" ","4768":"(","4769":")","4770":" ","4771":"=","4772":">","4773":" ","4774":"{","4775":"\\","4776":"n","4777":" ","4778":" ","4779":"y","4780":"e","4781":"a","4782":"r","4783":"M","4784":"o","4785":"n","4786":"t","4787":"h","4788":".","4789":"v","4790":"a","4791":"l","4792":"u","4793":"e","4794":".","4795":"y","4796":"e","4797":"a","4798":"r","4799":" ","4800":"=","4801":" ","4802":"c","4803":"u","4804":"r","4805":"r","4806":"e","4807":"n","4808":"t","4809":"D","4810":"a","4811":"t","4812":"e","4813":".","4814":"g","4815":"e","4816":"t","4817":"F","4818":"u","4819":"l","4820":"l","4821":"Y","4822":"e","4823":"a","4824":"r","4825":"(","4826":")","4827":";","4828":"\\","4829":"n","4830":" ","4831":" ","4832":"y","4833":"e","4834":"a","4835":"r","4836":"M","4837":"o","4838":"n","4839":"t","4840":"h","4841":".","4842":"v","4843":"a","4844":"l","4845":"u","4846":"e","4847":".","4848":"m","4849":"o","4850":"n","4851":"t","4852":"h","4853":" ","4854":"=","4855":" ","4856":"c","4857":"u","4858":"r","4859":"r","4860":"e","4861":"n","4862":"t","4863":"D","4864":"a","4865":"t","4866":"e","4867":".","4868":"g","4869":"e","4870":"t","4871":"M","4872":"o","4873":"n","4874":"t","4875":"h","4876":"(","4877":")","4878":" ","4879":"+","4880":" ","4881":"1","4882":";","4883":"\\","4884":"n","4885":" ","4886":" ","4887":"r","4888":"e","4889":"t","4890":"u","4891":"r","4892":"n","4893":" ","4894":"y","4895":"e","4896":"a","4897":"r","4898":"M","4899":"o","4900":"n","4901":"t","4902":"h","4903":";","4904":"\\","4905":"n","4906":"}","4907":";","4908":"\\","4909":"n","4910":"\\","4911":"n","4912":"/","4913":"*","4914":"*","4915":"\\","4916":"n","4917":" ","4918":"*","4919":" ","4920":"前","4921":"年","4922":"\\","4923":"n","4924":" ","4925":"*","4926":"/","4927":"\\","4928":"n","4929":"c","4930":"o","4931":"n","4932":"s","4933":"t","4934":" ","4935":"p","4936":"r","4937":"e","4938":"v","4939":"Y","4940":"e","4941":"a","4942":"r","4943":" ","4944":"=","4945":" ","4946":"(","4947":")","4948":" ","4949":"=","4950":">","4951":" ","4952":"{","4953":"\\","4954":"n","4955":" ","4956":" ","4957":"y","4958":"e","4959":"a","4960":"r","4961":"M","4962":"o","4963":"n","4964":"t","4965":"h","4966":".","4967":"v","4968":"a","4969":"l","4970":"u","4971":"e","4972":".","4973":"y","4974":"e","4975":"a","4976":"r","4977":"-","4978":"-","4979":";","4980":"\\","4981":"n","4982":" ","4983":" ","4984":"r","4985":"e","4986":"t","4987":"u","4988":"r","4989":"n","4990":" ","4991":"y","4992":"e","4993":"a","4994":"r","4995":"M","4996":"o","4997":"n","4998":"t","4999":"h","5000":";","5001":"\\","5002":"n","5003":"}","5004":";","5005":"\\","5006":"n","5007":"\\","5008":"n","5009":"/","5010":"*","5011":"*","5012":"\\","5013":"n","5014":" ","5015":"*","5016":" ","5017":"前","5018":"月","5019":"\\","5020":"n","5021":" ","5022":"*","5023":"/","5024":"\\","5025":"n","5026":"c","5027":"o","5028":"n","5029":"s","5030":"t","5031":" ","5032":"p","5033":"r","5034":"e","5035":"v","5036":"M","5037":"o","5038":"n","5039":"t","5040":"h","5041":" ","5042":"=","5043":" ","5044":"(","5045":")","5046":" ","5047":"=","5048":">","5049":" ","5050":"{","5051":"\\","5052":"n","5053":" ","5054":" ","5055":"y","5056":"e","5057":"a","5058":"r","5059":"M","5060":"o","5061":"n","5062":"t","5063":"h","5064":".","5065":"v","5066":"a","5067":"l","5068":"u","5069":"e","5070":".","5071":"m","5072":"o","5073":"n","5074":"t","5075":"h","5076":"-","5077":"-","5078":";","5079":"\\","5080":"n","5081":" ","5082":" ","5083":"i","5084":"f","5085":" ","5086":"(","5087":"y","5088":"e","5089":"a","5090":"r","5091":"M","5092":"o","5093":"n","5094":"t","5095":"h","5096":".","5097":"v","5098":"a","5099":"l","5100":"u","5101":"e","5102":".","5103":"m","5104":"o","5105":"n","5106":"t","5107":"h","5108":" ","5109":"<","5110":" ","5111":"1","5112":")","5113":" ","5114":"{","5115":"\\","5116":"n","5117":" ","5118":" ","5119":" ","5120":" ","5121":"y","5122":"e","5123":"a","5124":"r","5125":"M","5126":"o","5127":"n","5128":"t","5129":"h","5130":".","5131":"v","5132":"a","5133":"l","5134":"u","5135":"e","5136":".","5137":"y","5138":"e","5139":"a","5140":"r","5141":"-","5142":"-","5143":";","5144":"\\","5145":"n","5146":" ","5147":" ","5148":" ","5149":" ","5150":"y","5151":"e","5152":"a","5153":"r","5154":"M","5155":"o","5156":"n","5157":"t","5158":"h","5159":".","5160":"v","5161":"a","5162":"l","5163":"u","5164":"e","5165":".","5166":"m","5167":"o","5168":"n","5169":"t","5170":"h","5171":" ","5172":"=","5173":" ","5174":"1","5175":"2","5176":";","5177":"\\","5178":"n","5179":" ","5180":" ","5181":"}","5182":"\\","5183":"n","5184":" ","5185":" ","5186":"r","5187":"e","5188":"t","5189":"u","5190":"r","5191":"n","5192":" ","5193":"y","5194":"e","5195":"a","5196":"r","5197":"M","5198":"o","5199":"n","5200":"t","5201":"h","5202":";","5203":"\\","5204":"n","5205":"}","5206":";","5207":"\\","5208":"n","5209":"\\","5210":"n","5211":"/","5212":"*","5213":"*","5214":"\\","5215":"n","5216":" ","5217":"*","5218":" ","5219":"来","5220":"月","5221":"\\","5222":"n","5223":" ","5224":"*","5225":"/","5226":"\\","5227":"n","5228":"c","5229":"o","5230":"n","5231":"s","5232":"t","5233":" ","5234":"n","5235":"e","5236":"x","5237":"t","5238":"M","5239":"o","5240":"n","5241":"t","5242":"h","5243":" ","5244":"=","5245":" ","5246":"(","5247":")","5248":" ","5249":"=","5250":">","5251":" ","5252":"{","5253":"\\","5254":"n","5255":" ","5256":" ","5257":"y","5258":"e","5259":"a","5260":"r","5261":"M","5262":"o","5263":"n","5264":"t","5265":"h","5266":".","5267":"v","5268":"a","5269":"l","5270":"u","5271":"e","5272":".","5273":"m","5274":"o","5275":"n","5276":"t","5277":"h","5278":"+","5279":"+","5280":";","5281":"\\","5282":"n","5283":" ","5284":" ","5285":"i","5286":"f","5287":" ","5288":"(","5289":"y","5290":"e","5291":"a","5292":"r","5293":"M","5294":"o","5295":"n","5296":"t","5297":"h","5298":".","5299":"v","5300":"a","5301":"l","5302":"u","5303":"e","5304":".","5305":"m","5306":"o","5307":"n","5308":"t","5309":"h","5310":" ","5311":">","5312":" ","5313":"1","5314":"2","5315":")","5316":" ","5317":"{","5318":"\\","5319":"n","5320":" ","5321":" ","5322":" ","5323":" ","5324":"y","5325":"e","5326":"a","5327":"r","5328":"M","5329":"o","5330":"n","5331":"t","5332":"h","5333":".","5334":"v","5335":"a","5336":"l","5337":"u","5338":"e","5339":".","5340":"y","5341":"e","5342":"a","5343":"r","5344":"+","5345":"+","5346":";","5347":"\\","5348":"n","5349":" ","5350":" ","5351":" ","5352":" ","5353":"y","5354":"e","5355":"a","5356":"r","5357":"M","5358":"o","5359":"n","5360":"t","5361":"h","5362":".","5363":"v","5364":"a","5365":"l","5366":"u","5367":"e","5368":".","5369":"m","5370":"o","5371":"n","5372":"t","5373":"h","5374":" ","5375":"=","5376":" ","5377":"1","5378":";","5379":"\\","5380":"n","5381":" ","5382":" ","5383":"}","5384":"\\","5385":"n","5386":" ","5387":" ","5388":"r","5389":"e","5390":"t","5391":"u","5392":"r","5393":"n","5394":" ","5395":"y","5396":"e","5397":"a","5398":"r","5399":"M","5400":"o","5401":"n","5402":"t","5403":"h","5404":";","5405":"\\","5406":"n","5407":"}","5408":";","5409":"\\","5410":"n","5411":"\\","5412":"n","5413":"/","5414":"*","5415":"*","5416":"\\","5417":"n","5418":" ","5419":"*","5420":" ","5421":"来","5422":"年","5423":"\\","5424":"n","5425":" ","5426":"*","5427":"/","5428":"\\","5429":"n","5430":"c","5431":"o","5432":"n","5433":"s","5434":"t","5435":" ","5436":"n","5437":"e","5438":"x","5439":"t","5440":"Y","5441":"e","5442":"a","5443":"r","5444":" ","5445":"=","5446":" ","5447":"(","5448":")","5449":" ","5450":"=","5451":">","5452":" ","5453":"{","5454":"\\","5455":"n","5456":" ","5457":" ","5458":"y","5459":"e","5460":"a","5461":"r","5462":"M","5463":"o","5464":"n","5465":"t","5466":"h","5467":".","5468":"v","5469":"a","5470":"l","5471":"u","5472":"e","5473":".","5474":"y","5475":"e","5476":"a","5477":"r","5478":"+","5479":"+","5480":";","5481":"\\","5482":"n","5483":" ","5484":" ","5485":"r","5486":"e","5487":"t","5488":"u","5489":"r","5490":"n","5491":" ","5492":"y","5493":"e","5494":"a","5495":"r","5496":"M","5497":"o","5498":"n","5499":"t","5500":"h","5501":";","5502":"\\","5503":"n","5504":"}","5505":";","5506":"\\","5507":"n","5508":"\\","5509":"n","5510":"/","5511":"*","5512":"*","5513":"\\","5514":"n","5515":" ","5516":"*","5517":" ","5518":"指","5519":"定","5520":"し","5521":"た","5522":"日","5523":"が","5524":"今","5525":"日","5526":"か","5527":"判","5528":"定","5529":"\\","5530":"n","5531":" ","5532":"*","5533":" ","5534":"@","5535":"p","5536":"a","5537":"r","5538":"a","5539":"m","5540":" ","5541":"d","5542":"a","5543":"y","5544":" ","5545":"日","5546":"付","5547":"\\","5548":"n","5549":" ","5550":"*","5551":" ","5552":"@","5553":"r","5554":"e","5555":"t","5556":"u","5557":"r","5558":"n","5559":" ","5560":"t","5561":"r","5562":"u","5563":"e","5564":":","5565":" ","5566":"今","5567":"日","5568":"、","5569":"f","5570":"a","5571":"l","5572":"s","5573":"e","5574":":","5575":" ","5576":"今","5577":"日","5578":"以","5579":"外","5580":"\\","5581":"n","5582":" ","5583":"*","5584":"/","5585":"\\","5586":"n","5587":"c","5588":"o","5589":"n","5590":"s","5591":"t","5592":" ","5593":"i","5594":"s","5595":"T","5596":"o","5597":"d","5598":"a","5599":"y","5600":" ","5601":"=","5602":" ","5603":"(","5604":"d","5605":"a","5606":"y","5607":":","5608":" ","5609":"s","5610":"t","5611":"r","5612":"i","5613":"n","5614":"g","5615":")","5616":" ","5617":"=","5618":">","5619":" ","5620":"{","5621":"\\","5622":"n","5623":" ","5624":" ","5625":"l","5626":"e","5627":"t","5628":" ","5629":"d","5630":"a","5631":"t","5632":"e","5633":" ","5634":"=","5635":" ","5636":"y","5637":"e","5638":"a","5639":"r","5640":"M","5641":"o","5642":"n","5643":"t","5644":"h","5645":".","5646":"v","5647":"a","5648":"l","5649":"u","5650":"e","5651":".","5652":"y","5653":"e","5654":"a","5655":"r","5656":" ","5657":"+","5658":" ","5659":"\\","5660":"\"","5661":"-","5662":"\\","5663":"\"","5664":" ","5665":"+","5666":" ","5667":"y","5668":"e","5669":"a","5670":"r","5671":"M","5672":"o","5673":"n","5674":"t","5675":"h","5676":".","5677":"v","5678":"a","5679":"l","5680":"u","5681":"e","5682":".","5683":"m","5684":"o","5685":"n","5686":"t","5687":"h","5688":" ","5689":"+","5690":" ","5691":"\\","5692":"\"","5693":"-","5694":"\\","5695":"\"","5696":" ","5697":"+","5698":" ","5699":"d","5700":"a","5701":"y","5702":";","5703":"\\","5704":"n","5705":" ","5706":" ","5707":"i","5708":"f","5709":" ","5710":"(","5711":"y","5712":"e","5713":"a","5714":"r","5715":"M","5716":"o","5717":"n","5718":"t","5719":"h","5720":".","5721":"v","5722":"a","5723":"l","5724":"u","5725":"e","5726":".","5727":"t","5728":"o","5729":"d","5730":"a","5731":"y","5732":" ","5733":"=","5734":"=","5735":" ","5736":"d","5737":"a","5738":"t","5739":"e","5740":")","5741":" ","5742":"{","5743":"\\","5744":"n","5745":" ","5746":" ","5747":" ","5748":" ","5749":"r","5750":"e","5751":"t","5752":"u","5753":"r","5754":"n","5755":" ","5756":"t","5757":"r","5758":"u","5759":"e","5760":";","5761":"\\","5762":"n","5763":" ","5764":" ","5765":"}","5766":"\\","5767":"n","5768":" ","5769":" ","5770":"r","5771":"e","5772":"t","5773":"u","5774":"r","5775":"n","5776":" ","5777":"f","5778":"a","5779":"l","5780":"s","5781":"e","5782":";","5783":"\\","5784":"n","5785":"}","5786":";","5787":"\\","5788":"n","5789":"\\","5790":"n","5791":"o","5792":"n","5793":"M","5794":"o","5795":"u","5796":"n","5797":"t","5798":"e","5799":"d","5800":"(","5801":"(","5802":")","5803":" ","5804":"=","5805":">","5806":" ","5807":"{","5808":"\\","5809":"n","5810":" ","5811":" ","5812":"l","5813":"e","5814":"t","5815":" ","5816":"d","5817":"a","5818":"t","5819":"e","5820":" ","5821":"=","5822":" ","5823":"n","5824":"e","5825":"w","5826":" ","5827":"D","5828":"a","5829":"t","5830":"e","5831":"(","5832":")","5833":";","5834":"\\","5835":"n","5836":" ","5837":" ","5838":"y","5839":"e","5840":"a","5841":"r","5842":"M","5843":"o","5844":"n","5845":"t","5846":"h","5847":".","5848":"v","5849":"a","5850":"l","5851":"u","5852":"e","5853":".","5854":"y","5855":"e","5856":"a","5857":"r","5858":" ","5859":"=","5860":" ","5861":"d","5862":"a","5863":"t","5864":"e","5865":".","5866":"g","5867":"e","5868":"t","5869":"F","5870":"u","5871":"l","5872":"l","5873":"Y","5874":"e","5875":"a","5876":"r","5877":"(","5878":")","5879":";","5880":"\\","5881":"n","5882":" ","5883":" ","5884":"y","5885":"e","5886":"a","5887":"r","5888":"M","5889":"o","5890":"n","5891":"t","5892":"h","5893":".","5894":"v","5895":"a","5896":"l","5897":"u","5898":"e","5899":".","5900":"m","5901":"o","5902":"n","5903":"t","5904":"h","5905":" ","5906":"=","5907":" ","5908":"d","5909":"a","5910":"t","5911":"e","5912":".","5913":"g","5914":"e","5915":"t","5916":"M","5917":"o","5918":"n","5919":"t","5920":"h","5921":"(","5922":")","5923":" ","5924":"+","5925":" ","5926":"1","5927":";","5928":"\\","5929":"n","5930":" ","5931":" ","5932":"l","5933":"e","5934":"t","5935":" ","5936":"a","5937":"c","5938":"t","5939":"u","5940":"a","5941":"l","5942":"D","5943":"a","5944":"y","5945":" ","5946":"=","5947":" ","5948":"d","5949":"a","5950":"t","5951":"e","5952":".","5953":"g","5954":"e","5955":"t","5956":"D","5957":"a","5958":"t","5959":"e","5960":"(","5961":")","5962":";","5963":"\\","5964":"n","5965":" ","5966":" ","5967":"y","5968":"e","5969":"a","5970":"r","5971":"M","5972":"o","5973":"n","5974":"t","5975":"h","5976":".","5977":"v","5978":"a","5979":"l","5980":"u","5981":"e","5982":".","5983":"t","5984":"o","5985":"d","5986":"a","5987":"y","5988":" ","5989":"=","5990":"\\","5991":"n","5992":" ","5993":" ","5994":" ","5995":" ","5996":"y","5997":"e","5998":"a","5999":"r","6000":"M","6001":"o","6002":"n","6003":"t","6004":"h","6005":".","6006":"v","6007":"a","6008":"l","6009":"u","6010":"e","6011":".","6012":"y","6013":"e","6014":"a","6015":"r","6016":" ","6017":"+","6018":" ","6019":"\\","6020":"\"","6021":"-","6022":"\\","6023":"\"","6024":" ","6025":"+","6026":" ","6027":"y","6028":"e","6029":"a","6030":"r","6031":"M","6032":"o","6033":"n","6034":"t","6035":"h","6036":".","6037":"v","6038":"a","6039":"l","6040":"u","6041":"e","6042":".","6043":"m","6044":"o","6045":"n","6046":"t","6047":"h","6048":" ","6049":"+","6050":" ","6051":"\\","6052":"\"","6053":"-","6054":"\\","6055":"\"","6056":" ","6057":"+","6058":" ","6059":"a","6060":"c","6061":"t","6062":"u","6063":"a","6064":"l","6065":"D","6066":"a","6067":"y","6068":";","6069":"\\","6070":"n","6071":"}","6072":")","6073":";","6074":"\\","6075":"n","6076":"<","6077":"/","6078":"s","6079":"c","6080":"r","6081":"i","6082":"p","6083":"t","6084":">","6085":"\\","6086":"n","6087":"\\","6088":"n","6089":"<","6090":"t","6091":"e","6092":"m","6093":"p","6094":"l","6095":"a","6096":"t","6097":"e","6098":">","6099":"\\","6100":"n","6101":" ","6102":" ","6103":"<","6104":"d","6105":"i","6106":"v","6107":">","6108":"\\","6109":"n","6110":" ","6111":" ","6112":" ","6113":" ","6114":"<","6115":"d","6116":"i","6117":"v","6118":" ","6119":"i","6120":"d","6121":"=","6122":"\\","6123":"\"","6124":"h","6125":"e","6126":"a","6127":"d","6128":"e","6129":"r","6130":"\\","6131":"\"","6132":">","6133":"\\","6134":"n","6135":" ","6136":" ","6137":" ","6138":" ","6139":" ","6140":" ","6141":"<","6142":"s","6143":"p","6144":"a","6145":"n","6146":" ","6147":"c","6148":"l","6149":"a","6150":"s","6151":"s","6152":"=","6153":"\\","6154":"\"","6155":"h","6156":"e","6157":"a","6158":"d","6159":"e","6160":"r","6161":"-","6162":"a","6163":"r","6164":"r","6165":"o","6166":"w","6167":"\\","6168":"\"","6169":" ","6170":"@","6171":"c","6172":"l","6173":"i","6174":"c","6175":"k","6176":"=","6177":"\\","6178":"\"","6179":"p","6180":"r","6181":"e","6182":"v","6183":"Y","6184":"e","6185":"a","6186":"r","6187":"\\","6188":"\"","6189":">","6190":"◀","6191":"<","6192":"/","6193":"s","6194":"p","6195":"a","6196":"n","6197":">","6198":"\\","6199":"n","6200":" ","6201":" ","6202":" ","6203":" ","6204":" ","6205":" ","6206":"<","6207":"s","6208":"p","6209":"a","6210":"n","6211":" ","6212":"c","6213":"l","6214":"a","6215":"s","6216":"s","6217":"=","6218":"\\","6219":"\"","6220":"h","6221":"e","6222":"a","6223":"d","6224":"e","6225":"r","6226":"-","6227":"a","6228":"r","6229":"r","6230":"o","6231":"w","6232":"\\","6233":"\"","6234":" ","6235":"@","6236":"c","6237":"l","6238":"i","6239":"c","6240":"k","6241":"=","6242":"\\","6243":"\"","6244":"p","6245":"r","6246":"e","6247":"v","6248":"M","6249":"o","6250":"n","6251":"t","6252":"h","6253":"\\","6254":"\"","6255":">","6256":"＜","6257":"<","6258":"/","6259":"s","6260":"p","6261":"a","6262":"n","6263":">","6264":"\\","6265":"n","6266":" ","6267":" ","6268":" ","6269":" ","6270":" ","6271":" ","6272":"<","6273":"s","6274":"p","6275":"a","6276":"n","6277":" ","6278":"c","6279":"l","6280":"a","6281":"s","6282":"s","6283":"=","6284":"\\","6285":"\"","6286":"s","6287":"e","6288":"l","6289":"e","6290":"c","6291":"t","6292":"e","6293":"d","6294":"-","6295":"m","6296":"o","6297":"n","6298":"t","6299":"h","6300":"\\","6301":"\"","6302":" ","6303":"@","6304":"c","6305":"l","6306":"i","6307":"c","6308":"k","6309":"=","6310":"\\","6311":"\"","6312":"c","6313":"u","6314":"r","6315":"r","6316":"e","6317":"n","6318":"t","6319":"Y","6320":"e","6321":"a","6322":"r","6323":"M","6324":"o","6325":"n","6326":"t","6327":"h","6328":"\\","6329":"\"","6330":"\\","6331":"n","6332":" ","6333":" ","6334":" ","6335":" ","6336":" ","6337":" ","6338":" ","6339":" ","6340":">","6341":"{","6342":"{","6343":" ","6344":"y","6345":"e","6346":"a","6347":"r","6348":"M","6349":"o","6350":"n","6351":"t","6352":"h","6353":".","6354":"y","6355":"e","6356":"a","6357":"r","6358":" ","6359":"}","6360":"}","6361":"年","6362":"{","6363":"{","6364":" ","6365":"y","6366":"e","6367":"a","6368":"r","6369":"M","6370":"o","6371":"n","6372":"t","6373":"h","6374":".","6375":"m","6376":"o","6377":"n","6378":"t","6379":"h","6380":" ","6381":"}","6382":"}","6383":"月","6384":"<","6385":"/","6386":"s","6387":"p","6388":"a","6389":"n","6390":"\\","6391":"n","6392":" ","6393":" ","6394":" ","6395":" ","6396":" ","6397":" ","6398":">","6399":"\\","6400":"n","6401":" ","6402":" ","6403":" ","6404":" ","6405":" ","6406":" ","6407":"<","6408":"s","6409":"p","6410":"a","6411":"n","6412":" ","6413":"c","6414":"l","6415":"a","6416":"s","6417":"s","6418":"=","6419":"\\","6420":"\"","6421":"h","6422":"e","6423":"a","6424":"d","6425":"e","6426":"r","6427":"-","6428":"a","6429":"r","6430":"r","6431":"o","6432":"w","6433":"\\","6434":"\"","6435":" ","6436":"@","6437":"c","6438":"l","6439":"i","6440":"c","6441":"k","6442":"=","6443":"\\","6444":"\"","6445":"n","6446":"e","6447":"x","6448":"t","6449":"M","6450":"o","6451":"n","6452":"t","6453":"h","6454":"\\","6455":"\"","6456":">","6457":"＞","6458":"<","6459":"/","6460":"s","6461":"p","6462":"a","6463":"n","6464":">","6465":"\\","6466":"n","6467":" ","6468":" ","6469":" ","6470":" ","6471":" ","6472":" ","6473":"<","6474":"s","6475":"p","6476":"a","6477":"n","6478":" ","6479":"c","6480":"l","6481":"a","6482":"s","6483":"s","6484":"=","6485":"\\","6486":"\"","6487":"h","6488":"e","6489":"a","6490":"d","6491":"e","6492":"r","6493":"-","6494":"a","6495":"r","6496":"r","6497":"o","6498":"w","6499":"\\","6500":"\"","6501":" ","6502":"@","6503":"c","6504":"l","6505":"i","6506":"c","6507":"k","6508":"=","6509":"\\","6510":"\"","6511":"n","6512":"e","6513":"x","6514":"t","6515":"Y","6516":"e","6517":"a","6518":"r","6519":"\\","6520":"\"","6521":">","6522":"▶","6523":"<","6524":"/","6525":"s","6526":"p","6527":"a","6528":"n","6529":">","6530":"\\","6531":"n","6532":" ","6533":" ","6534":" ","6535":" ","6536":"<","6537":"/","6538":"d","6539":"i","6540":"v","6541":">","6542":"\\","6543":"n","6544":" ","6545":" ","6546":" ","6547":" ","6548":"<","6549":"t","6550":"a","6551":"b","6552":"l","6553":"e","6554":" ","6555":"i","6556":"d","6557":"=","6558":"\\","6559":"\"","6560":"m","6561":"a","6562":"i","6563":"n","6564":"\\","6565":"\"","6566":">","6567":"\\","6568":"n","6569":" ","6570":" ","6571":" ","6572":" ","6573":" ","6574":" ","6575":"<","6576":"t","6577":"h","6578":"e","6579":"a","6580":"d","6581":">","6582":"\\","6583":"n","6584":" ","6585":" ","6586":" ","6587":" ","6588":" ","6589":" ","6590":" ","6591":" ","6592":"<","6593":"t","6594":"h","6595":" ","6596":"v","6597":"-","6598":"f","6599":"o","6600":"r","6601":"=","6602":"\\","6603":"\"","6604":"(","6605":"w","6606":"e","6607":"e","6608":"k","6609":"D","6610":"a","6611":"y","6612":",","6613":" ","6614":"w","6615":"e","6616":"e","6617":"k","6618":"D","6619":"a","6620":"y","6621":"I","6622":"n","6623":"d","6624":"e","6625":"x","6626":")","6627":" ","6628":"i","6629":"n","6630":" ","6631":"w","6632":"e","6633":"e","6634":"k","6635":"D","6636":"a","6637":"y","6638":"s","6639":"\\","6640":"\"","6641":" ","6642":":","6643":"k","6644":"e","6645":"y","6646":"=","6647":"\\","6648":"\"","6649":"w","6650":"e","6651":"e","6652":"k","6653":"D","6654":"a","6655":"y","6656":"I","6657":"n","6658":"d","6659":"e","6660":"x","6661":"\\","6662":"\"","6663":">","6664":"\\","6665":"n","6666":" ","6667":" ","6668":" ","6669":" ","6670":" ","6671":" ","6672":" ","6673":" ","6674":" ","6675":" ","6676":"{","6677":"{","6678":" ","6679":"w","6680":"e","6681":"e","6682":"k","6683":"D","6684":"a","6685":"y","6686":" ","6687":"}","6688":"}","6689":"\\","6690":"n","6691":" ","6692":" ","6693":" ","6694":" ","6695":" ","6696":" ","6697":" ","6698":" ","6699":"<","6700":"/","6701":"t","6702":"h","6703":">","6704":"\\","6705":"n","6706":" ","6707":" ","6708":" ","6709":" ","6710":" ","6711":" ","6712":"<","6713":"/","6714":"t","6715":"h","6716":"e","6717":"a","6718":"d","6719":">","6720":"\\","6721":"n","6722":" ","6723":" ","6724":" ","6725":" ","6726":" ","6727":" ","6728":"<","6729":"t","6730":"b","6731":"o","6732":"d","6733":"y","6734":">","6735":"\\","6736":"n","6737":" ","6738":" ","6739":" ","6740":" ","6741":" ","6742":" ","6743":" ","6744":" ","6745":"<","6746":"t","6747":"r","6748":"\\","6749":"n","6750":" ","6751":" ","6752":" ","6753":" ","6754":" ","6755":" ","6756":" ","6757":" ","6758":" ","6759":" ","6760":"v","6761":"-","6762":"f","6763":"o","6764":"r","6765":"=","6766":"\\","6767":"\"","6768":"(","6769":"r","6770":"o","6771":"w","6772":"N","6773":"u","6774":"m","6775":"b","6776":"e","6777":"r","6778":",","6779":" ","6780":"r","6781":"o","6782":"w","6783":"N","6784":"u","6785":"m","6786":"b","6787":"e","6788":"r","6789":"I","6790":"n","6791":"d","6792":"e","6793":"x","6794":")","6795":" ","6796":"i","6797":"n","6798":" ","6799":"c","6800":"o","6801":"m","6802":"p","6803":"u","6804":"t","6805":"e","6806":"d","6807":"C","6808":"a","6809":"l","6810":"e","6811":"n","6812":"d","6813":"a","6814":"r","6815":"\\","6816":"\"","6817":"\\","6818":"n","6819":" ","6820":" ","6821":" ","6822":" ","6823":" ","6824":" ","6825":" ","6826":" ","6827":" ","6828":" ","6829":":","6830":"k","6831":"e","6832":"y","6833":"=","6834":"\\","6835":"\"","6836":"r","6837":"o","6838":"w","6839":"N","6840":"u","6841":"m","6842":"b","6843":"e","6844":"r","6845":"I","6846":"n","6847":"d","6848":"e","6849":"x","6850":"\\","6851":"\"","6852":"\\","6853":"n","6854":" ","6855":" ","6856":" ","6857":" ","6858":" ","6859":" ","6860":" ","6861":" ","6862":">","6863":"\\","6864":"n","6865":" ","6866":" ","6867":" ","6868":" ","6869":" ","6870":" ","6871":" ","6872":" ","6873":" ","6874":" ","6875":"<","6876":"t","6877":"d","6878":"\\","6879":"n","6880":" ","6881":" ","6882":" ","6883":" ","6884":" ","6885":" ","6886":" ","6887":" ","6888":" ","6889":" ","6890":" ","6891":" ","6892":"v","6893":"-","6894":"f","6895":"o","6896":"r","6897":"=","6898":"\\","6899":"\"","6900":"(","6901":"c","6902":"o","6903":"l","6904":"u","6905":"m","6906":"n","6907":"N","6908":"u","6909":"m","6910":"b","6911":"e","6912":"r","6913":",","6914":" ","6915":"c","6916":"o","6917":"l","6918":"u","6919":"m","6920":"n","6921":"N","6922":"u","6923":"m","6924":"b","6925":"e","6926":"r","6927":"I","6928":"n","6929":"d","6930":"e","6931":"x","6932":")","6933":" ","6934":"i","6935":"n","6936":" ","6937":"r","6938":"o","6939":"w","6940":"N","6941":"u","6942":"m","6943":"b","6944":"e","6945":"r","6946":"\\","6947":"\"","6948":"\\","6949":"n","6950":" ","6951":" ","6952":" ","6953":" ","6954":" ","6955":" ","6956":" ","6957":" ","6958":" ","6959":" ","6960":" ","6961":" ","6962":":","6963":"k","6964":"e","6965":"y","6966":"=","6967":"\\","6968":"\"","6969":"c","6970":"o","6971":"l","6972":"u","6973":"m","6974":"n","6975":"N","6976":"u","6977":"m","6978":"b","6979":"e","6980":"r","6981":"I","6982":"n","6983":"d","6984":"e","6985":"x","6986":"\\","6987":"\"","6988":"\\","6989":"n","6990":" ","6991":" ","6992":" ","6993":" ","6994":" ","6995":" ","6996":" ","6997":" ","6998":" ","6999":" ","7000":" ","7001":" ","7002":":","7003":"c","7004":"l","7005":"a","7006":"s","7007":"s","7008":"=","7009":"\\","7010":"\"","7011":"{","7012":" ","7013":"t","7014":"o","7015":"d","7016":"a","7017":"y","7018":":","7019":" ","7020":"i","7021":"s","7022":"T","7023":"o","7024":"d","7025":"a","7026":"y","7027":"(","7028":"c","7029":"o","7030":"l","7031":"u","7032":"m","7033":"n","7034":"N","7035":"u","7036":"m","7037":"b","7038":"e","7039":"r","7040":")","7041":" ","7042":"}","7043":"\\","7044":"\"","7045":"\\","7046":"n","7047":" ","7048":" ","7049":" ","7050":" ","7051":" ","7052":" ","7053":" ","7054":" ","7055":" ","7056":" ","7057":">","7058":"\\","7059":"n","7060":" ","7061":" ","7062":" ","7063":" ","7064":" ","7065":" ","7066":" ","7067":" ","7068":" ","7069":" ","7070":" ","7071":" ","7072":"<","7073":"s","7074":"p","7075":"a","7076":"n","7077":" ","7078":"v","7079":"-","7080":"i","7081":"f","7082":"=","7083":"\\","7084":"\"","7085":"i","7086":"s","7087":"T","7088":"o","7089":"d","7090":"a","7091":"y","7092":"(","7093":"c","7094":"o","7095":"l","7096":"u","7097":"m","7098":"n","7099":"N","7100":"u","7101":"m","7102":"b","7103":"e","7104":"r","7105":")","7106":"\\","7107":"\"","7108":">","7109":"t","7110":"o","7111":"d","7112":"a","7113":"y","7114":"<","7115":"/","7116":"s","7117":"p","7118":"a","7119":"n","7120":">","7121":"\\","7122":"n","7123":" ","7124":" ","7125":" ","7126":" ","7127":" ","7128":" ","7129":" ","7130":" ","7131":" ","7132":" ","7133":" ","7134":" ","7135":"<","7136":"s","7137":"p","7138":"a","7139":"n","7140":" ","7141":"v","7142":"-","7143":"e","7144":"l","7145":"s","7146":"e","7147":">","7148":"{","7149":"{","7150":" ","7151":"c","7152":"o","7153":"l","7154":"u","7155":"m","7156":"n","7157":"N","7158":"u","7159":"m","7160":"b","7161":"e","7162":"r","7163":" ","7164":"}","7165":"}","7166":"<","7167":"/","7168":"s","7169":"p","7170":"a","7171":"n","7172":">","7173":"\\","7174":"n","7175":" ","7176":" ","7177":" ","7178":" ","7179":" ","7180":" ","7181":" ","7182":" ","7183":" ","7184":" ","7185":"<","7186":"/","7187":"t","7188":"d","7189":">","7190":"\\","7191":"n","7192":" ","7193":" ","7194":" ","7195":" ","7196":" ","7197":" ","7198":" ","7199":" ","7200":"<","7201":"/","7202":"t","7203":"r","7204":">","7205":"\\","7206":"n","7207":" ","7208":" ","7209":" ","7210":" ","7211":" ","7212":" ","7213":"<","7214":"/","7215":"t","7216":"b","7217":"o","7218":"d","7219":"y","7220":">","7221":"\\","7222":"n","7223":" ","7224":" ","7225":" ","7226":" ","7227":"<","7228":"/","7229":"t","7230":"a","7231":"b","7232":"l","7233":"e","7234":">","7235":"\\","7236":"n","7237":" ","7238":" ","7239":"<","7240":"/","7241":"d","7242":"i","7243":"v","7244":">","7245":"\\","7246":"n","7247":"<","7248":"/","7249":"t","7250":"e","7251":"m","7252":"p","7253":"l","7254":"a","7255":"t","7256":"e","7257":">","7258":"\\","7259":"n","7260":"\"","7261":"]","7262":"}"},"_coverageSchema":"1a1c01bbd47fc00a2c39e90264f33305004495a9","hash":"cb43c3f95eeda58f536bc7dc608e5cdf19a65475"}
,"/Users/yoshitakashoji/workspace/vue/vueCalendar/src/css/Calendar.css": {"path":"/Users/yoshitakashoji/workspace/vue/vueCalendar/src/css/Calendar.css","statementMap":{"0":{"start":{"line":1,"column":0},"end":{"line":1,"column":19}}},"fnMap":{},"branchMap":{},"s":{"0":1},"f":{},"b":{},"_coverageSchema":"1a1c01bbd47fc00a2c39e90264f33305004495a9","hash":"2d2406d5edb14771168ffdc4999558c5de29238e"}
}
