TN:
SF:src/components/Calendar.vue
FN:11,(anonymous_0)
FN:24,(anonymous_1)
FN:48,(anonymous_2)
FN:56,(anonymous_3)
FN:63,(anonymous_4)
FN:74,(anonymous_5)
FN:85,(anonymous_6)
FN:94,(anonymous_7)
FN:101,(anonymous_8)
FN:111,(anonymous_9)
FN:114,(anonymous_10)
FN:140,render
FN:166,(anonymous_12)
FN:171,(anonymous_13)
FN:173,(anonymous_14)
FNF:15
FNH:9
FNDA:7,(anonymous_0)
FNDA:7,(anonymous_1)
FNDA:0,(anonymous_2)
FNDA:0,(anonymous_3)
FNDA:0,(anonymous_4)
FNDA:0,(anonymous_5)
FNDA:0,(anonymous_6)
FNDA:1176,(anonymous_7)
FNDA:7,(anonymous_8)
FNDA:28,(anonymous_9)
FNDA:0,(anonymous_10)
FNDA:14,render
FNDA:98,(anonymous_12)
FNDA:84,(anonymous_13)
FNDA:588,(anonymous_14)
DA:3,1
DA:6,1
DA:7,1
DA:8,1
DA:9,1
DA:12,7
DA:13,7
DA:14,7
DA:15,7
DA:16,7
DA:24,7
DA:25,7
DA:26,7
DA:27,7
DA:28,7
DA:29,7
DA:30,42
DA:31,42
DA:32,294
DA:33,42
DA:34,252
DA:35,42
DA:37,210
DA:38,210
DA:41,42
DA:43,7
DA:48,7
DA:49,0
DA:50,0
DA:51,0
DA:56,7
DA:57,0
DA:58,0
DA:63,7
DA:64,0
DA:65,0
DA:66,0
DA:67,0
DA:69,0
DA:74,7
DA:75,0
DA:76,0
DA:77,0
DA:78,0
DA:80,0
DA:85,7
DA:86,0
DA:87,0
DA:94,7
DA:95,1176
DA:96,1176
DA:97,14
DA:99,1162
DA:101,7
DA:102,7
DA:103,7
DA:104,7
DA:105,7
DA:106,7
DA:108,7
DA:112,28
DA:115,0
DA:125,7
DA:129,7
DA:133,1
DA:134,1
DA:135,1
DA:136,1
DA:137,1
DA:138,1
DA:139,1
DA:141,14
DA:167,98
DA:172,84
DA:174,588
DA:189,1
DA:190,1
LF:77
LH:59
BRDA:32,0,0,42
BRDA:32,0,1,252
BRDA:32,1,0,294
BRDA:32,1,1,49
BRDA:34,2,0,42
BRDA:34,2,1,210
BRDA:65,3,0,0
BRDA:65,3,1,0
BRDA:76,4,0,0
BRDA:76,4,1,0
BRDA:96,5,0,14
BRDA:96,5,1,1162
BRDA:178,6,0,7
BRDA:178,6,1,581
BRF:14
BRH:10
end_of_record
TN:
SF:src/css/Calendar.css
FNF:0
FNH:0
DA:1,1
LF:1
LH:1
BRF:0
BRH:0
end_of_record
